{
  "timestamp": "2025-10-22T13:45:18.641327",
  "checks": [
    {
      "success": false,
      "returncode": 1,
      "stdout": "================================================================================\nFRAUD DETECTION PACKAGE IMPORT TEST\n================================================================================\n\nTesting module imports...\n--------------------------------------------------------------------------------\n",
      "stderr": "Traceback (most recent call last):\n  File \"C:\\Users\\JAMES\\bedrock-agentcore-starter-toolkit\\scripts\\reorganization\\test_current_env_imports.py\", line 63, in test_imports\n    print(f\"\\u2705 {module_name}\")\n    ~~~~~^^^^^^^^^^^^^^^^^^^^^\n  File \"C:\\Python313\\Lib\\encodings\\cp1252.py\", line 19, in encode\n    return codecs.charmap_encode(input,self.errors,encoding_table)[0]\n           ~~~~~~~~~~~~~~~~~~~~~^^^^^^^^^^^^^^^^^^^^^^^^^^^^^^^^^^\nUnicodeEncodeError: 'charmap' codec can't encode character '\\u2705' in position 0: character maps to <undefined>\n\nDuring handling of the above exception, another exception occurred:\n\nTraceback (most recent call last):\n  File \"C:\\Users\\JAMES\\bedrock-agentcore-starter-toolkit\\scripts\\reorganization\\test_current_env_imports.py\", line 189, in <module>\n    results = test_imports()\n  File \"C:\\Users\\JAMES\\bedrock-agentcore-starter-toolkit\\scripts\\reorganization\\test_current_env_imports.py\", line 77, in test_imports\n    print(f\"\\u274c {module_name}: {e}\")\n    ~~~~~^^^^^^^^^^^^^^^^^^^^^^^^^^\n  File \"C:\\Python313\\Lib\\encodings\\cp1252.py\", line 19, in encode\n    return codecs.charmap_encode(input,self.errors,encoding_table)[0]\n           ~~~~~~~~~~~~~~~~~~~~~^^^^^^^^^^^^^^^^^^^^^^^^^^^^^^^^^^\nUnicodeEncodeError: 'charmap' codec can't encode character '\\u274c' in position 0: character maps to <undefined>\n\nDuring handling of the above exception, another exception occurred:\n\nTraceback (most recent call last):\n  File \"C:\\Users\\JAMES\\bedrock-agentcore-starter-toolkit\\scripts\\reorganization\\test_current_env_imports.py\", line 194, in <module>\n    print(f\"\\n\\u274c Unexpected error: {e}\")\n    ~~~~~^^^^^^^^^^^^^^^^^^^^^^^^^^^^^^^\n  File \"C:\\Python313\\Lib\\encodings\\cp1252.py\", line 19, in encode\n    return codecs.charmap_encode(input,self.errors,encoding_table)[0]\n           ~~~~~~~~~~~~~~~~~~~~~^^^^^^^^^^^^^^^^^^^^^^^^^^^^^^^^^^\nUnicodeEncodeError: 'charmap' codec can't encode character '\\u274c' in position 2: character maps to <undefined>\n",
      "description": "Import Validation - All modules importable"
    },
    {
      "success": false,
      "returncode": 1,
      "stdout": "================================================================================\nEXAMPLES VALIDATION\n================================================================================\n\nFound 20 example files\n\nValidating syntax...\n--------------------------------------------------------------------------------\n",
      "stderr": "Traceback (most recent call last):\n  File \"C:\\Users\\JAMES\\bedrock-agentcore-starter-toolkit\\scripts\\reorganization\\validate_examples.py\", line 235, in <module>\n    results = validate_examples()\n  File \"C:\\Users\\JAMES\\bedrock-agentcore-starter-toolkit\\scripts\\reorganization\\validate_examples.py\", line 157, in validate_examples\n    print(f\"\\u2705 {relative_path}\")\n    ~~~~~^^^^^^^^^^^^^^^^^^^^^^^\n  File \"C:\\Python313\\Lib\\encodings\\cp1252.py\", line 19, in encode\n    return codecs.charmap_encode(input,self.errors,encoding_table)[0]\n           ~~~~~~~~~~~~~~~~~~~~~^^^^^^^^^^^^^^^^^^^^^^^^^^^^^^^^^^\nUnicodeEncodeError: 'charmap' codec can't encode character '\\u2705' in position 0: character maps to <undefined>\n\nDuring handling of the above exception, another exception occurred:\n\nTraceback (most recent call last):\n  File \"C:\\Users\\JAMES\\bedrock-agentcore-starter-toolkit\\scripts\\reorganization\\validate_examples.py\", line 239, in <module>\n    print(f\"\\n\\u274c Unexpected error: {e}\")\n    ~~~~~^^^^^^^^^^^^^^^^^^^^^^^^^^^^^^^\n  File \"C:\\Python313\\Lib\\encodings\\cp1252.py\", line 19, in encode\n    return codecs.charmap_encode(input,self.errors,encoding_table)[0]\n           ~~~~~~~~~~~~~~~~~~~~~^^^^^^^^^^^^^^^^^^^^^^^^^^^^^^^^^^\nUnicodeEncodeError: 'charmap' codec can't encode character '\\u274c' in position 2: character maps to <undefined>\n",
      "description": "Examples Validation - All examples have valid syntax"
    },
    {
      "success": false,
      "returncode": 1,
      "stdout": "================================================================================\nCI/CD CONFIGURATION VALIDATION\n================================================================================\n\n",
      "stderr": "Traceback (most recent call last):\n  File \"C:\\Users\\JAMES\\bedrock-agentcore-starter-toolkit\\scripts\\reorganization\\validate_cicd.py\", line 338, in <module>\n    results = validate_cicd()\n  File \"C:\\Users\\JAMES\\bedrock-agentcore-starter-toolkit\\scripts\\reorganization\\validate_cicd.py\", line 243, in validate_cicd\n    print(f\"\\u2705 Workflow file found: {workflow_path}\")\n    ~~~~~^^^^^^^^^^^^^^^^^^^^^^^^^^^^^^^^^^^^^^^^^^^^\n  File \"C:\\Python313\\Lib\\encodings\\cp1252.py\", line 19, in encode\n    return codecs.charmap_encode(input,self.errors,encoding_table)[0]\n           ~~~~~~~~~~~~~~~~~~~~~^^^^^^^^^^^^^^^^^^^^^^^^^^^^^^^^^^\nUnicodeEncodeError: 'charmap' codec can't encode character '\\u2705' in position 0: character maps to <undefined>\n\nDuring handling of the above exception, another exception occurred:\n\nTraceback (most recent call last):\n  File \"C:\\Users\\JAMES\\bedrock-agentcore-starter-toolkit\\scripts\\reorganization\\validate_cicd.py\", line 342, in <module>\n    print(f\"\\n\\u274c Unexpected error: {e}\")\n    ~~~~~^^^^^^^^^^^^^^^^^^^^^^^^^^^^^^^\n  File \"C:\\Python313\\Lib\\encodings\\cp1252.py\", line 19, in encode\n    return codecs.charmap_encode(input,self.errors,encoding_table)[0]\n           ~~~~~~~~~~~~~~~~~~~~~^^^^^^^^^^^^^^^^^^^^^^^^^^^^^^^^^^\nUnicodeEncodeError: 'charmap' codec can't encode character '\\u274c' in position 2: character maps to <undefined>\n",
      "description": "CI/CD Validation - Pipeline configuration correct"
    },
    {
      "success": false,
      "returncode": 2,
      "stdout": "tests/cli/gateway/test_commands.py::TestBedrockAgentCoreGatewayCLI::test_create_mcp_gateway_command_basic\ntests/cli/gateway/test_commands.py::TestBedrockAgentCoreGatewayCLI::test_create_mcp_gateway_with_defaults\ntests/cli/gateway/test_commands.py::TestBedrockAgentCoreGatewayCLI::test_create_mcp_gateway_target_command_basic\ntests/cli/gateway/test_commands.py::TestBedrockAgentCoreGatewayCLI::test_create_mcp_gateway_target_with_openapi_schema\ntests/cli/gateway/test_commands.py::TestBedrockAgentCoreGatewayCLI::test_create_mcp_gateway_target_with_defaults\ntests/cli/gateway/test_commands.py::TestBedrockAgentCoreGatewayCLI::test_create_mcp_gateway_invalid_json_authorizer_config\ntests/cli/gateway/test_commands.py::TestBedrockAgentCoreGatewayCLI::test_create_mcp_gateway_target_invalid_json_credentials\ntests/cli/runtime/test_commands.py::TestBedrockAgentCoreCLI::test_configure_command_basic\ntests/cli/runtime/test_commands.py::TestBedrockAgentCoreCLI::test_configure_with_oauth\ntests/cli/runtime/test_commands.py::TestBedrockAgentCoreCLI::test_configure_with_invalid_protocol\ntests/cli/runtime/test_commands.py::TestBedrockAgentCoreCLI::test_launch_command_local\ntests/cli/runtime/test_commands.py::TestBedrockAgentCoreCLI::test_configure_invalid_agent_name_special_chars\ntests/cli/runtime/test_commands.py::TestBedrockAgentCoreCLI::test_configure_no_entrypoint\ntests/cli/runtime/test_commands.py::TestBedrockAgentCoreCLI::test_configure_no_execution_role_interactive_prompt_fails\ntests/cli/runtime/test_commands.py::TestBedrockAgentCoreCLI::test_configure_ecr_repository_specified\ntests/cli/runtime/test_commands.py::TestBedrockAgentCoreCLI::test_configure_json_decode_error_in_authorizer_config\ntests/cli/runtime/test_commands.py::TestBedrockAgentCoreCLI::test_launch_command_cloud\ntests/cli/runtime/test_commands.py::TestBedrockAgentCoreCLI::test_configure_command_value_error\ntests/cli/runtime/test_commands.py::TestBedrockAgentCoreCLI::test_configure_command_file_not_found_error\ntests/cli/runtime/test_commands.py::TestBedrockAgentCoreCLI::test_configure_command_general_exception\ntests/cli/runtime/test_commands.py::TestBedrockAgentCoreCLI::test_launch_command_value_error\ntests/cli/runtime/test_commands.py::TestBedrockAgentCoreCLI::test_launch_command_general_exception\ntests/cli/runtime/test_commands.py::TestBedrockAgentCoreCLI::test_invoke_command_value_error_not_deployed\ntests/cli/runtime/test_commands.py::TestBedrockAgentCoreCLI::test_invoke_command_value_error_general\ntests/cli/runtime/test_commands.py::TestBedrockAgentCoreCLI::test_invoke_command_error_with_cloudwatch_logs\ntests/cli/runtime/test_commands.py::TestBedrockAgentCoreCLI::test_invoke_command_general_exception\ntests/cli/runtime/test_commands.py::TestBedrockAgentCoreCLI::test_status_command_value_error\ntests/cli/runtime/test_commands.py::TestBedrockAgentCoreCLI::test_status_command_general_exception\ntests/cli/runtime/test_commands.py::TestBedrockAgentCoreCLI::test_configure_set_default_file_not_found_error\ntests/cli/runtime/test_commands.py::TestBedrockAgentCoreCLI::test_configure_set_default_value_error\ntests/cli/runtime/test_commands.py::TestBedrockAgentCoreCLI::test_configure_list_file_not_found_error\ntests/cli/runtime/test_commands.py::TestBedrockAgentCoreCLI::test_validate_requirements_file_error\ntests/cli/runtime/test_commands.py::TestBedrockAgentCoreCLI::test_prompt_for_requirements_file_validation_error\ntests/cli/runtime/test_commands.py::TestBedrockAgentCoreCLI::test_handle_requirements_file_display_none_return\ntests/cli/runtime/test_commands.py::TestBedrockAgentCoreCLI::test_prompt_for_requirements_empty_response\ntests/cli/runtime/test_commands.py::TestBedrockAgentCoreCLI::test_configure_no_agents_configured\ntests/cli/runtime/test_commands.py::TestBedrockAgentCoreCLI::test_launch_deprecated_code_build_flag\ntests/cli/runtime/test_commands.py::TestBedrockAgentCoreCLI::test_status_verbose_json_output\ntests/cli/runtime/test_commands.py::TestBedrockAgentCoreCLI::test_invoke_command_basic\ntests/cli/runtime/test_commands.py::TestBedrockAgentCoreCLI::test_invoke_command_verbose_flag\ntests/cli/runtime/test_commands.py::TestBedrockAgentCoreCLI::test_invoke_command_response_parsing\ntests/cli/runtime/test_commands.py::TestBedrockAgentCoreCLI::test_invoke_with_bearer_token_and_oauth_config\ntests/cli/runtime/test_commands.py::TestBedrockAgentCoreCLI::test_invoke_bearer_token_without_oauth_config\ntests/cli/runtime/test_commands.py::TestBedrockAgentCoreCLI::test_status_command\ntests/cli/runtime/test_commands.py::TestBedrockAgentCoreCLI::test_error_no_config_file\ntests/cli/runtime/test_commands.py::TestBedrockAgentCoreCLI::test_invoke_simple_text_payload\ntests/cli/runtime/test_commands.py::TestBedrockAgentCoreCLI::test_launch_command_mutually_exclusive_options\ntests/cli/runtime/test_commands.py::TestBedrockAgentCoreCLI::test_launch_command_local_build_success\ntests/cli/runtime/test_commands.py::TestBedrockAgentCoreCLI::test_launch_command_codebuild_success\ntests/cli/runtime/test_commands.py::TestBedrockAgentCoreCLI::test_launch_help_text_updated\ntests/cli/runtime/test_commands.py::TestBedrockAgentCoreCLI::test_launch_missing_config\ntests/cli/runtime/test_commands.py::TestBedrockAgentCoreCLI::test_invoke_missing_config\ntests/cli/runtime/test_commands.py::TestBedrockAgentCoreCLI::test_status_command_missing_fields\ntests/cli/runtime/test_commands.py::TestBedrockAgentCoreCLI::test_handle_requirements_file_display_with_provided_file\ntests/cli/runtime/test_commands.py::TestBedrockAgentCoreCLI::test_handle_requirements_file_display_auto_detect_found\ntests/cli/runtime/test_commands.py::TestBedrockAgentCoreCLI::test_handle_requirements_file_display_no_file_found\ntests/cli/runtime/test_commands.py::TestBedrockAgentCoreCLI::test_configure_oauth\ntests/cli/runtime/test_commands.py::TestBedrockAgentCoreCLI::test_configure_oauth_with_existing_values\ntests/cli/runtime/test_commands.py::TestBedrockAgentCoreCLI::test_configure_oauth_no_discovery_url_error\ntests/cli/runtime/test_commands.py::TestBedrockAgentCoreCLI::test_configure_oauth_no_client_or_audience_error\ntests/cli/runtime/test_commands.py::TestBedrockAgentCoreCLI::test_configure_list_agents_success\ntests/cli/runtime/test_commands.py::TestBedrockAgentCoreCLI::test_configure_set_default_success\ntests/cli/runtime/test_commands.py::TestBedrockAgentCoreCLI::test_validate_requirements_file_success\ntests/cli/runtime/test_commands.py::TestBedrockAgentCoreCLI::test_prompt_for_requirements_file_success\ntests/cli/runtime/test_commands.py::TestBedrockAgentCoreCLI::test_launch_command_with_env_vars\ntests/cli/runtime/test_commands.py::TestBedrockAgentCoreCLI::test_invoke_with_oauth_and_env_bearer_token\ntests/cli/runtime/test_commands.py::TestBedrockAgentCoreCLI::test_launch_command_cloud_success\ntests/cli/runtime/test_commands.py::TestBedrockAgentCoreCLI::test_status_command_missing_agent\ntests/cli/runtime/test_commands.py::TestBedrockAgentCoreCLI::test_status_command_no_agents_in_config\ntests/cli/runtime/test_commands.py::TestBedrockAgentCoreCLI::test_status_command_log_info_failure\ntests/cli/runtime/test_commands.py::TestBedrockAgentCoreCLI::test_status_command_malformed_response\ntests/cli/runtime/test_commands.py::TestBedrockAgentCoreCLI::test_status_command_with_specific_agent\ntests/cli/runtime/test_commands.py::TestBedrockAgentCoreCLI::test_status_command_endpoint_missing_optional_fields\ntests/cli/runtime/test_commands.py::TestBedrockAgentCoreCLI::test_invoke_command_unicode_payload\ntests/cli/runtime/test_commands.py::TestBedrockAgentCoreCLI::test_invoke_command_unicode_response\ntests/cli/runtime/test_commands.py::TestBedrockAgentCoreCLI::test_invoke_command_mixed_unicode_ascii\ntests/cli/runtime/test_commands.py::TestBedrockAgentCoreCLI::test_destroy_command_dry_run\ntests/cli/runtime/test_commands.py::TestBedrockAgentCoreCLI::test_destroy_command_force\ntests/cli/runtime/test_commands.py::TestBedrockAgentCoreCLI::test_destroy_command_undeployed_agent\ntests/cli/runtime/test_commands.py::TestBedrockAgentCoreCLI::test_destroy_command_specific_agent\ntests/cli/runtime/test_commands.py::TestBedrockAgentCoreCLI::test_destroy_command_nonexistent_agent\ntests/cli/runtime/test_commands.py::TestBedrockAgentCoreCLI::test_destroy_command_no_config\ntests/cli/runtime/test_configuration_manager.py::TestConfigurationManager::test_prompt_execution_role_with_user_input\ntests/cli/runtime/test_configuration_manager.py::TestConfigurationManager::test_prompt_execution_role_with_existing_config\ntests/cli/runtime/test_configuration_manager.py::TestConfigurationManager::test_prompt_execution_role_existing_config_overridden\ntests/cli/runtime/test_configuration_manager.py::TestConfigurationManager::test_prompt_request_header_allowlist_no_configuration\ntests/cli/runtime/test_configuration_manager.py::TestConfigurationManager::test_prompt_request_header_allowlist_with_configuration\ntests/cli/runtime/test_configuration_manager.py::TestConfigurationManager::test_prompt_request_header_allowlist_with_existing_config\ntests/cli/runtime/test_configuration_manager.py::TestConfigurationManager::test_prompt_request_header_allowlist_non_interactive\ntests/cli/runtime/test_configuration_manager.py::TestConfigurationManager::test_configure_request_header_allowlist_basic\ntests/cli/runtime/test_configuration_manager.py::TestConfigurationManager::test_configure_request_header_allowlist_with_existing_headers\ntests/cli/runtime/test_configuration_manager.py::TestConfigurationManager::test_configure_request_header_allowlist_with_whitespace\ntests/cli/runtime/test_configuration_manager.py::TestConfigurationManager::test_configure_request_header_allowlist_empty_input_error\ntests/cli/runtime/test_configuration_manager.py::TestConfigurationManager::test_configure_request_header_allowlist_only_commas_error\ntests/cli/runtime/test_configuration_manager.py::TestConfigurationManager::test_configure_request_header_allowlist_default_headers\ntests/cli/test_common.py::TestCLICommon::test_prompt_with_default_with_input\ntests/cli/test_common.py::TestCLICommon::test_prompt_with_default_empty_input\ntests/integration/cli/runtime/test_simple_agent.py::test\ntests/integration/gateway/test_cognito_token.py::test_cognito_token_methods\ntests/integration/gateway/test_create_gateway_role.py::test_create_role\ntests/integration/gateway/test_egress_auth.py::test_egress_auth\ntests/integration/gateway/test_gateway_cognito.py::test_cognito_gateway\ntests/integration/memory/test_create_memory.py::test_create_memory\ntests/integration/test_agent.py::test_prompts\ntests/integration/test_api.py::test_api\ntests/integration/test_api.py::test_velocity\ntests/integration/test_bedrock_foundation.py::test_imports\ntests/integration/test_bedrock_foundation.py::test_orchestrator\ntests/integration/test_bedrock_foundation.py::test_communication\ntests/integration/test_bedrock_foundation.py::test_configuration\ntests/integration/test_bedrock_foundation.py::test_permissions\ntests/integration/test_memory_integration.py::test_memory_manager_initialization\ntests/integration/test_memory_integration.py::test_transaction_model_creation\ntests/integration/test_memory_integration.py::test_decision_context_model\ntests/integration/test_memory_integration.py::test_user_profile_model\ntests/integration/test_memory_integration.py::test_fraud_pattern_model\ntests/integration/test_memory_integration.py::test_risk_profile_model\ntests/integration/test_memory_integration.py::test_similarity_calculation\ntests/integration/test_memory_integration.py::test_dynamodb_config\ntests/integration/test_render_deployment.py::test_environment_variables\ntests/integration/test_render_deployment.py::test_endpoints\ntests/integration/test_render_deployment.py::test_health_check\ntests/integration/test_render_deployment.py::test_cors\ntests/integration/test_render_deployment.py::test_dashboard_page\ntests/notebook/runtime/test_bedrock_agentcore.py::TestBedrockAgentCoreNotebook::test_bedrock_agentcore_initialization\ntests/notebook/runtime/test_bedrock_agentcore.py::TestBedrockAgentCoreNotebook::test_configure_success\ntests/notebook/runtime/test_bedrock_agentcore.py::TestBedrockAgentCoreNotebook::test_configure_with_requirements_generation\ntests/notebook/runtime/test_bedrock_agentcore.py::TestBedrockAgentCoreNotebook::test_launch_without_config\ntests/notebook/runtime/test_bedrock_agentcore.py::TestBedrockAgentCoreNotebook::test_launch_local\ntests/notebook/runtime/test_bedrock_agentcore.py::TestBedrockAgentCoreNotebook::test_launch_local_build\ntests/notebook/runtime/test_bedrock_agentcore.py::TestBedrockAgentCoreNotebook::test_launch_mutually_exclusive_flags\ntests/notebook/runtime/test_bedrock_agentcore.py::TestBedrockAgentCoreNotebook::test_launch_cloud\ntests/notebook/runtime/test_bedrock_agentcore.py::TestBedrockAgentCoreNotebook::test_launch_with_auto_update_on_conflict\ntests/notebook/runtime/test_bedrock_agentcore.py::TestBedrockAgentCoreNotebook::test_configure_with_disable_otel\ntests/notebook/runtime/test_bedrock_agentcore.py::TestBedrockAgentCoreNotebook::test_configure_default_otel\ntests/notebook/runtime/test_bedrock_agentcore.py::TestBedrockAgentCoreNotebook::test_invoke_without_config\ntests/notebook/runtime/test_bedrock_agentcore.py::TestBedrockAgentCoreNotebook::test_invoke_success\ntests/notebook/runtime/test_bedrock_agentcore.py::TestBedrockAgentCoreNotebook::test_invoke_with_bearer_token\ntests/notebook/runtime/test_bedrock_agentcore.py::TestBedrockAgentCoreNotebook::test_status_without_config\ntests/notebook/runtime/test_bedrock_agentcore.py::TestBedrockAgentCoreNotebook::test_status_success\ntests/notebook/runtime/test_bedrock_agentcore.py::TestBedrockAgentCoreNotebook::test_invoke_unicode_payload\ntests/notebook/runtime/test_bedrock_agentcore.py::TestBedrockAgentCoreNotebook::test_invoke_unicode_response\ntests/notebook/runtime/test_bedrock_agentcore.py::TestBedrockAgentCoreNotebook::test_invoke_unicode_mixed_content\ntests/notebook/runtime/test_bedrock_agentcore.py::TestBedrockAgentCoreNotebook::test_invoke_unicode_edge_cases\ntests/notebook/runtime/test_bedrock_agentcore.py::TestBedrockAgentCoreNotebook::test_help_deployment_modes\ntests/notebook/runtime/test_bedrock_agentcore.py::TestBedrockAgentCoreNotebook::test_launch_docker_error_local_mode\ntests/operations/gateway/test_gateway_client.py::TestGatewayClient::test_setup_gateway_lambda\ntests/operations/gateway/test_gateway_client.py::TestGatewayClient::test_setup_gateway_openapi\ntests/operations/gateway/test_gateway_client.py::TestGatewayClient::test_error_handling\ntests/operations/gateway/test_gateway_client.py::TestGatewayClient::test_get_test_token_for_cognito_network_error_with_retry\ntests/operations/gateway/test_gateway_client.py::TestGatewayClient::test_fix_iam_permissions\ntests/operations/gateway/test_gateway_client.py::TestGatewayClient::test_cleanup_gateway\ntests/operations/gateway/test_gateway_client.py::TestGatewayClient::test_create_oauth_authorizer_with_cognito\ntests/operations/gateway/test_gateway_client.py::TestGatewayClient::test_wait_for_ready_timeout\ntests/operations/gateway/test_gateway_client.py::TestGatewayClient::test_wait_for_ready_error\ntests/operations/gateway/test_gateway_client_init.py::TestGatewayClientInitialization::test_init_with_default_region\ntests/operations/gateway/test_gateway_client_init.py::TestGatewayClientInitialization::test_init_with_custom_region\ntests/operations/gateway/test_gateway_client_init.py::TestGatewayClientInitialization::test_init_with_endpoint_url\ntests/operations/gateway/test_gateway_client_init.py::TestGatewayClientInitialization::test_init_logger_setup\ntests/operations/gateway/test_gateway_client_init.py::TestGatewayClientInitialization::test_generate_random_id\ntests/operations/gateway/test_gateway_client_init.py::TestCreateMCPGateway::test_create_mcp_gateway_with_all_parameters\ntests/operations/gateway/test_gateway_client_init.py::TestCreateMCPGateway::test_create_mcp_gateway_with_defaults\ntests/operations/gateway/test_gateway_client_init.py::TestCreateMCPGateway::test_create_mcp_gateway_without_semantic_search\ntests/operations/gateway/test_gateway_client_init.py::TestCreateMCPGateway::test_create_mcp_gateway_client_error\ntests/operations/gateway/test_gateway_client_init.py::TestWaitForReady::test_wait_for_ready_success\ntests/operations/gateway/test_gateway_client_init.py::TestWaitForReady::test_wait_for_ready_timeout\ntests/operations/gateway/test_gateway_client_init.py::TestWaitForReady::test_wait_for_ready_failure_status\ntests/operations/gateway/test_gateway_client_init.py::TestWaitForReady::test_wait_for_ready_unknown_status\ntests/operations/gateway/test_gateway_client_init.py::TestWaitForReady::test_wait_for_ready_no_status\ntests/operations/gateway/test_gateway_client_init.py::TestCreateMCPGatewayTarget::test_create_mcp_gateway_target_lambda_with_defaults\ntests/operations/gateway/test_gateway_client_init.py::TestCreateMCPGatewayTarget::test_create_mcp_gateway_target_openapi_schema\ntests/operations/gateway/test_gateway_client_init.py::TestCreateMCPGatewayTarget::test_create_mcp_gateway_target_smithy_model_with_defaults\ntests/operations/gateway/test_gateway_client_init.py::TestCreateMCPGatewayTarget::test_create_mcp_gateway_target_smithy_model_unsupported_region\ntests/operations/gateway/test_gateway_client_init.py::TestCreateMCPGatewayTarget::test_create_mcp_gateway_target_openapi_without_payload_raises_exception\ntests/operations/gateway/test_gateway_client_init.py::TestCreateMCPGatewayTarget::test_create_mcp_gateway_target_with_explicit_name_and_payload\ntests/operations/gateway/test_gateway_client_init.py::TestHandleLambdaTargetCreation::test_handle_lambda_target_creation\ntests/operations/gateway/test_gateway_client_init.py::TestHandleOpenAPITargetCredentialProviderCreation::test_handle_openapi_target_api_key_credentials\ntests/operations/gateway/test_gateway_client_init.py::TestHandleOpenAPITargetCredentialProviderCreation::test_handle_openapi_target_oauth2_credentials\ntests/operations/gateway/test_gateway_client_init.py::TestHandleOpenAPITargetCredentialProviderCreation::test_handle_openapi_target_oauth2_credentials_without_scopes\ntests/operations/gateway/test_gateway_client_init.py::TestHandleOpenAPITargetCredentialProviderCreation::test_handle_openapi_target_invalid_credentials_raises_exception\ntests/operations/gateway/test_gateway_client_init.py::TestCreateOAuthAuthorizerWithCognito::test_create_oauth_authorizer_with_cognito_success\ntests/operations/gateway/test_gateway_client_init.py::TestCreateOAuthAuthorizerWithCognito::test_create_oauth_authorizer_with_cognito_domain_not_active\ntests/operations/gateway/test_gateway_client_init.py::TestCreateOAuthAuthorizerWithCognito::test_create_oauth_authorizer_with_cognito_domain_timeout\ntests/operations/gateway/test_gateway_client_init.py::TestCreateOAuthAuthorizerWithCognito::test_create_oauth_authorizer_with_cognito_exception\ntests/operations/gateway/test_gateway_client_init.py::TestGetAccessTokenForCognito::test_get_access_token_for_cognito_success\ntests/operations/gateway/test_gateway_client_init.py::TestGetAccessTokenForCognito::test_get_access_token_for_cognito_http_error\ntests/operations/gateway/test_gateway_client_init.py::TestGetAccessTokenForCognito::test_get_access_token_for_cognito_general_exception\ntests/operations/gateway/test_gateway_create_role.py::TestCreateGatewayExecutionRole::test_create_gateway_execution_role_success\ntests/operations/gateway/test_gateway_create_role.py::TestCreateGatewayExecutionRole::test_create_gateway_execution_role_default_name\ntests/operations/gateway/test_gateway_create_role.py::TestCreateGatewayExecutionRole::test_create_gateway_execution_role_already_exists\ntests/operations/gateway/test_gateway_create_role.py::TestCreateGatewayExecutionRole::test_create_gateway_execution_role_exists_but_get_fails\ntests/operations/gateway/test_gateway_create_role.py::TestCreateGatewayExecutionRole::test_create_gateway_execution_role_create_fails\ntests/operations/gateway/test_gateway_create_role.py::TestCreateGatewayExecutionRole::test_create_gateway_execution_role_policy_attachment_patterns\ntests/operations/gateway/test_gateway_create_role.py::TestCreateGatewayExecutionRole::test_create_gateway_execution_role_attach_policy_integration\ntests/operations/gateway/test_gateway_create_role.py::TestAttachPolicy::test_attach_policy_with_policy_arn\ntests/operations/gateway/test_gateway_create_role.py::TestAttachPolicy::test_attach_policy_with_policy_document_and_name\ntests/operations/gateway/test_gateway_create_role.py::TestAttachPolicy::test_attach_policy_both_arn_and_document_raises_exception\ntests/operations/gateway/test_gateway_create_role.py::TestAttachPolicy::test_attach_policy_document_without_name_raises_exception\ntests/operations/gateway/test_gateway_create_role.py::TestAttachPolicy::test_attach_policy_name_without_document_raises_exception\ntests/operations/gateway/test_gateway_create_role.py::TestAttachPolicy::test_attach_policy_no_parameters_raises_exception\ntests/operations/gateway/test_gateway_create_role.py::TestAttachPolicy::test_attach_policy_arn_client_error\ntests/operations/gateway/test_gateway_create_role.py::TestAttachPolicy::test_attach_policy_document_create_policy_client_error\ntests/operations/gateway/test_gateway_create_role.py::TestAttachPolicy::test_attach_policy_document_attach_role_policy_client_error\ntests/operations/gateway/test_gateway_create_role.py::TestAttachPolicy::test_attach_policy_with_json_string_policy_document\ntests/operations/gateway/test_gateway_create_role.py::TestAttachPolicy::test_attach_policy_with_agentcore_full_access_policy\ntests/operations/gateway/test_gateway_create_role.py::TestAttachPolicy::test_attach_policy_with_existing_full_access_policy\ntests/operations/gateway/test_gateway_create_role.py::TestAttachPolicy::test_attach_policy_with_aws_managed_policies\ntests/operations/memory/test_manager.py::test_manager_initialization\ntests/operations/memory/test_manager.py::test_namespace_defaults\ntests/operations/memory/test_manager.py::test_create_memory\ntests/operations/memory/test_manager.py::test_error_handling\ntests/operations/memory/test_manager.py::test_memory_strategy_management\ntests/operations/memory/test_manager.py::test_create_memory_and_wait_success\ntests/operations/memory/test_manager.py::test_create_memory_and_wait_timeout\ntests/operations/memory/test_manager.py::test_create_memory_and_wait_failure\ntests/operations/memory/test_manager.py::test_list_memories\ntests/operations/memory/test_manager.py::test_list_memories_with_pagination\ntests/operations/memory/test_manager.py::test_delete_memory\ntests/operations/memory/test_manager.py::test_get_memory_status\ntests/operations/memory/test_manager.py::test_add_summary_strategy\ntests/operations/memory/test_manager.py::test_add_user_preference_strategy\ntests/operations/memory/test_manager.py::test_add_custom_semantic_strategy\ntests/operations/memory/test_manager.py::test_delete_memory_and_wait\ntests/operations/memory/test_manager.py::test_update_memory_strategies\ntests/operations/memory/test_manager.py::test_update_memory_strategies_modify\ntests/operations/memory/test_manager.py::test_wait_for_memory_active\ntests/operations/memory/test_manager.py::test_wait_for_memory_active_failed_status\ntests/operations/memory/test_manager.py::test_wait_for_memory_active_client_error\ntests/operations/memory/test_manager.py::test_wrap_configuration\ntests/operations/memory/test_manager.py::test_wrap_configuration_basic\ntests/operations/memory/test_manager.py::test_wrap_configuration_semantic_strategy\ntests/operations/memory/test_manager.py::test_wrap_configuration_user_preference_strategy\ntests/operations/memory/test_manager.py::test_wrap_configuration_custom_semantic_override\ntests/operations/memory/test_manager.py::test_modify_strategy\ntests/operations/memory/test_manager.py::test_add_semantic_strategy_and_wait\ntests/operations/memory/test_manager.py::test_add_summary_strategy_and_wait\ntests/operations/memory/test_manager.py::test_add_user_preference_strategy_and_wait\ntests/operations/memory/test_manager.py::test_add_custom_semantic_strategy_and_wait\ntests/operations/memory/test_manager.py::test_update_memory_strategies_and_wait\ntests/operations/memory/test_manager.py::test_delete_strategy\ntests/operations/memory/test_manager.py::test_add_strategy_warning\ntests/operations/memory/test_manager.py::test_create_memory_and_wait_client_error\ntests/operations/memory/test_manager.py::test_get_memory_strategies_client_error\ntests/operations/memory/test_manager.py::test_list_memories_client_error\ntests/operations/memory/test_manager.py::test_delete_memory_client_error\ntests/operations/memory/test_manager.py::test_update_memory_strategies_client_error\ntests/operations/memory/test_manager.py::test_memory_initialization\ntests/operations/memory/test_manager.py::test_memory_attribute_access\ntests/operations/memory/test_manager.py::test_memory_with_none_data\ntests/operations/memory/test_manager.py::test_memory_with_empty_data\ntests/operations/memory/test_manager.py::test_get_memory\ntests/operations/memory/test_manager.py::test_memory_manager_getattr_not_found\ntests/operations/memory/test_manager.py::test_memory_strategy_model\ntests/operations/memory/test_manager.py::test_memory_summary_model\ntests/operations/memory/test_manager.py::test_validate_namespace\ntests/operations/memory/test_manager.py::test_validate_strategy_config\ntests/operations/memory/test_manager.py::test_check_strategies_terminal_state\ntests/operations/memory/test_manager.py::test_wait_for_memory_active_with_strategy_failures\ntests/operations/memory/test_manager.py::test_wait_for_memory_active_with_strategies_still_creating\ntests/operations/memory/test_manager.py::test_wait_for_memory_active_timeout_with_strategies\ntests/operations/memory/test_manager.py::test_wrap_configuration_summary_strategy\ntests/operations/memory/test_manager.py::test_wrap_configuration_custom_user_preference_override\ntests/operations/memory/test_manager.py::test_wrap_configuration_custom_summary_override\ntests/operations/memory/test_manager.py::test_wrap_configuration_no_wrapping_needed\ntests/operations/memory/test_manager.py::test_create_memory_with_all_parameters\ntests/operations/memory/test_manager.py::test_create_memory_with_minimal_parameters\ntests/operations/memory/test_manager.py::test_create_memory_field_name_normalization\ntests/operations/memory/test_manager.py::test_create_memory_no_id_field\ntests/operations/memory/test_manager.py::test_memory_repr\ntests/operations/memory/test_manager.py::test_memory_get_method\ntests/operations/memory/test_manager.py::test_memory_strategy_get_method\ntests/operations/memory/test_manager.py::test_memory_strategy_contains\ntests/operations/memory/test_manager.py::test_memory_strategy_keys_values_items\ntests/operations/memory/test_manager.py::test_memory_summary_get_method\ntests/operations/memory/test_manager.py::test_memory_summary_contains\ntests/operations/memory/test_manager.py::test_memory_summary_keys_values_items\ntests/operations/memory/test_manager.py::test_delete_memory_and_wait_timeout\ntests/operations/memory/test_manager.py::test_delete_memory_and_wait_other_client_error\ntests/operations/memory/test_manager.py::test_update_memory_strategies_missing_strategy_id\ntests/operations/memory/test_manager.py::test_update_memory_strategies_strategy_not_found\ntests/operations/memory/test_manager.py::test_update_memory_strategies_no_operations\ntests/operations/memory/test_manager.py::test_getattr_method_forwarding\ntests/operations/memory/test_manager.py::test_getattr_method_not_allowed\ntests/operations/memory/test_manager.py::test_validate_namespace_with_invalid_template\ntests/operations/memory/test_manager.py::test_validate_strategy_config_with_namespaces\ntests/operations/memory/test_manager.py::test_wrap_configuration_consolidation_passthrough\ntests/operations/memory/test_manager.py::test_create_memory_and_wait_memory_id_none\ntests/operations/memory/test_manager.py::test_create_memory_and_wait_debug_logging\ntests/operations/memory/test_manager.py::test_get_memory_client_error\ntests/operations/memory/test_manager.py::test_add_semantic_strategy_with_namespaces\ntests/operations/memory/test_manager.py::test_add_summary_strategy_with_namespaces\ntests/operations/memory/test_manager.py::test_delete_memory_and_wait_debug_logging\ntests/operations/memory/test_manager.py::test_modify_strategy_with_configuration\ntests/operations/memory/test_manager.py::test_update_memory_strategies_with_configuration_wrapping\ntests/operations/memory/test_manager.py::test_get_or_create_memory_creates_new_memory\ntests/operations/memory/test_manager.py::test_get_or_create_memory_returns_existing_memory\ntests/operations/memory/test_manager.py::test_get_or_create_memory_with_minimal_parameters\ntests/operations/memory/test_manager.py::test_get_or_create_memory_with_all_parameters\ntests/operations/memory/test_manager.py::test_get_or_create_memory_client_error_during_list\ntests/operations/memory/test_manager.py::test_get_or_create_memory_client_error_during_create\ntests/operations/memory/test_manager.py::test_get_or_create_memory_client_error_during_get\ntests/operations/memory/test_manager.py::test_get_or_create_memory_creation_timeout\ntests/operations/memory/test_manager.py::test_get_or_create_memory_creation_failure\ntests/operations/memory/test_manager.py::test_get_or_create_memory_multiple_matching_memories\ntests/operations/memory/test_manager.py::test_get_or_create_memory_no_matching_pattern\ntests/operations/memory/test_manager.py::test_get_or_create_memory_with_strategies\ntests/operations/memory/test_manager.py::test_get_or_create_memory_exception_handling\ntests/operations/runtime/test_configure.py::TestConfigureBedrockAgentCore::test_configure_bedrock_agentcore_basic\ntests/operations/runtime/test_configure.py::TestConfigureBedrockAgentCore::test_configure_with_non_python_file\ntests/operations/runtime/test_configure.py::TestConfigureBedrockAgentCore::test_configure_with_ecr_options\ntests/operations/runtime/test_configure.py::TestConfigureBedrockAgentCore::test_configure_role_arn_formatting\ntests/operations/runtime/test_configure.py::TestConfigureBedrockAgentCore::test_configure_bedrock_agentcore\ntests/operations/runtime/test_configure.py::TestConfigureBedrockAgentCore::test_configure_with_minimal_defaults\ntests/operations/runtime/test_configure.py::TestConfigureBedrockAgentCore::test_configure_with_request_header_configuration\ntests/operations/runtime/test_configure.py::TestConfigureBedrockAgentCore::test_configure_with_none_request_header_configuration\ntests/operations/runtime/test_configure.py::TestConfigureBedrockAgentCore::test_configure_with_empty_request_header_configuration\ntests/operations/runtime/test_configure.py::TestConfigureBedrockAgentCore::test_configure_verbose_logs_request_header_configuration\ntests/operations/runtime/test_configure.py::TestConfigureBedrockAgentCore::test_configure_complex_request_header_configuration\ntests/operations/runtime/test_configure.py::TestConfigureBedrockAgentCore::test_configure_with_all_authorization_options\ntests/operations/runtime/test_configure.py::TestValidateAgentName::test_valid_agent_names\ntests/operations/runtime/test_configure.py::TestValidateAgentName::test_invalid_agent_names_with_special_characters\ntests/operations/runtime/test_configure.py::TestValidateAgentName::test_agent_names_too_long\ntests/operations/runtime/test_configure.py::TestValidateAgentName::test_empty_and_none_agent_names\ntests/operations/runtime/test_create_role.py::TestCreateRole::test_get_or_create_runtime_execution_role_success\ntests/operations/runtime/test_create_role.py::TestCreateRole::test_get_or_create_runtime_execution_role_with_custom_name\ntests/operations/runtime/test_create_role.py::TestCreateRole::test_get_or_create_runtime_execution_role_already_exists\ntests/operations/runtime/test_create_role.py::TestCreateRole::test_get_or_create_runtime_execution_role_check_error\ntests/operations/runtime/test_create_role.py::TestCreateRole::test_get_or_create_runtime_execution_role_create_error\ntests/operations/runtime/test_create_role.py::TestCreateRole::test_attach_inline_policy_success\ntests/operations/runtime/test_create_role.py::TestCreateRole::test_attach_inline_policy_error\ntests/operations/runtime/test_create_role.py::TestCreateRole::test_generate_deterministic_suffix\ntests/operations/runtime/test_create_role.py::TestCreateRole::test_create_iam_role_with_policies_success\ntests/operations/runtime/test_create_role.py::TestCreateRole::test_create_iam_role_with_policies_already_exists\ntests/operations/runtime/test_create_role.py::TestCreateRole::test_create_iam_role_with_policies_get_existing_error\ntests/operations/runtime/test_create_role.py::TestCreateRole::test_create_iam_role_with_policies_access_denied\ntests/operations/runtime/test_create_role.py::TestCreateRole::test_create_iam_role_with_policies_limit_exceeded\ntests/operations/runtime/test_create_role.py::TestCreateRole::test_get_or_create_codebuild_execution_role_success\ntests/operations/runtime/test_create_role.py::TestCreateRole::test_get_or_create_codebuild_execution_role_already_exists\ntests/operations/runtime/test_create_role.py::TestCreateRole::test_get_or_create_codebuild_execution_role_check_error\ntests/operations/runtime/test_create_role.py::TestCreateRole::test_attach_inline_policy_limit_exceeded_error\ntests/operations/runtime/test_create_role.py::TestCreateRole::test_get_or_create_runtime_execution_role_entity_already_exists_during_creation\ntests/operations/runtime/test_create_role.py::TestCreateRole::test_get_or_create_runtime_execution_role_limit_exceeded_error\ntests/operations/runtime/test_destroy.py::TestDestroyBedrockAgentCore::test_destroy_nonexistent_config\ntests/operations/runtime/test_destroy.py::TestDestroyBedrockAgentCore::test_destroy_nonexistent_agent\ntests/operations/runtime/test_destroy.py::TestDestroyBedrockAgentCore::test_destroy_undeployed_agent\ntests/operations/runtime/test_destroy.py::TestDestroyBedrockAgentCore::test_destroy_dry_run\ntests/operations/runtime/test_destroy.py::TestDestroyBedrockAgentCore::test_destroy_success\ntests/operations/runtime/test_destroy.py::TestDestroyBedrockAgentCore::test_destroy_with_errors\ntests/operations/runtime/test_destroy.py::TestDestroyBedrockAgentCore::test_destroy_resource_not_found\ntests/operations/runtime/test_destroy.py::TestDestroyBedrockAgentCore::test_destroy_multiple_agents_same_role\ntests/operations/runtime/test_destroy.py::TestDestroyBedrockAgentCore::test_config_cleanup_after_destroy\ntests/operations/runtime/test_destroy.py::TestDestroyBedrockAgentCore::test_destroy_default_endpoint_skip\ntests/operations/runtime/test_destroy.py::TestDestroyBedrockAgentCore::test_destroy_ecr_empty_repo_with_repo_deletion\ntests/operations/runtime/test_destroy.py::TestDestroyBedrockAgentCore::test_destroy_ecr_image_deletion_with_repo_deletion_success\ntests/operations/runtime/test_destroy.py::TestDestroyBedrockAgentCore::test_destroy_ecr_partial_image_deletion_failure\ntests/operations/runtime/test_destroy.py::TestDestroyBedrockAgentCore::test_destroy_ecr_repository_not_found\ntests/operations/runtime/test_destroy.py::TestDestroyBedrockAgentCore::test_destroy_ecr_images_with_digest_only\ntests/operations/runtime/test_destroy.py::TestDestroyBedrockAgentCore::test_destroy_ecr_images_mixed_tags_and_digests\ntests/operations/runtime/test_destroy.py::TestDestroyBedrockAgentCore::test_destroy_ecr_repository_not_empty_exception\ntests/operations/runtime/test_destroy.py::TestDestroyBedrockAgentCore::test_destroy_ecr_generic_error_handling\ntests/operations/runtime/test_destroy.py::TestDestroyBedrockAgentCore::test_destroy_ecr_repository_generic_exception\ntests/operations/runtime/test_destroy.py::TestDestroyBedrockAgentCore::test_destroy_codebuild_project_non_not_found_error\ntests/operations/runtime/test_destroy.py::TestDestroyBedrockAgentCore::test_config_cleanup_default_agent_change\ntests/operations/runtime/test_destroy.py::TestDestroyBedrockAgentCore::test_config_cleanup_non_default_agent\ntests/operations/runtime/test_destroy.py::TestDestroyBedrockAgentCore::test_destroy_dry_run_with_ecr_repo_deletion\ntests/operations/runtime/test_destroy.py::TestDestroyBedrockAgentCore::test_destroy_unexpected_exception\ntests/operations/runtime/test_destroy.py::TestDestroyBedrockAgentCore::test_destroy_with_config_update_failure\ntests/operations/runtime/test_destroy.py::TestDestroyBedrockAgentCore::test_destroy_multiple_service_errors\ntests/operations/runtime/test_destroy.py::TestDestroyBedrockAgentCore::test_destroy_agent_not_found_error\ntests/operations/runtime/test_destroy.py::TestDestroyBedrockAgentCore::test_destroy_get_agent_config_returns_none\ntests/operations/runtime/test_destroy.py::TestDestroyBedrockAgentCore::test_destroy_undeployed_agent_specific_case\ntests/operations/runtime/test_destroy.py::TestDestroyBedrockAgentCore::test_destroy_endpoint_deletion_error_cases\ntests/operations/runtime/test_destroy.py::TestDestroyBedrockAgentCore::test_destroy_endpoint_no_arn_case\ntests/operations/runtime/test_destroy.py::TestDestroyBedrockAgentCore::test_destroy_agent_not_found_warning\ntests/operations/runtime/test_destroy.py::TestDestroyBedrockAgentCore::test_destroy_agent_general_exception\ntests/operations/runtime/test_destroy.py::TestDestroyBedrockAgentCore::test_destroy_ecr_empty_repo_dry_run_with_deletion\ntests/operations/runtime/test_destroy.py::TestDestroyBedrockAgentCore::test_destroy_ecr_repo_deletion_failure_condition\ntests/operations/runtime/test_destroy.py::TestDestroyBedrockAgentCore::test_destroy_iam_policy_detachment_failure\ntests/operations/runtime/test_destroy.py::TestDestroyBedrockAgentCore::test_destroy_iam_inline_policy_deletion_failure\ntests/operations/runtime/test_destroy.py::TestDestroyBedrockAgentCore::test_destroy_iam_role_no_such_entity_error\ntests/operations/runtime/test_destroy.py::TestDestroyBedrockAgentCore::test_destroy_config_cleanup_agent_not_found\ntests/operations/runtime/test_destroy.py::TestDestroyBedrockAgentCore::test_cleanup_agent_config_agent_not_found\ntests/operations/runtime/test_destroy.py::TestDestroyBedrockAgentCore::test_destroy_agent_not_deployed_new_warning\ntests/operations/runtime/test_destroy.py::TestDestroyBedrockAgentCore::test_destroy_endpoint_not_found_during_deletion\ntests/operations/runtime/test_destroy.py::TestDestroyHelpers::test_destroy_agentcore_endpoint_no_agent_id\ntests/operations/runtime/test_destroy.py::TestDestroyHelpers::test_destroy_result_model\ntests/operations/runtime/test_destroy.py::TestDestroyHelpers::test_destroy_codebuild_iam_role_success\ntests/operations/runtime/test_destroy.py::TestDestroyHelpers::test_destroy_codebuild_iam_role_dry_run\ntests/operations/runtime/test_destroy.py::TestDestroyHelpers::test_destroy_codebuild_iam_role_no_role\ntests/operations/runtime/test_destroy.py::TestDestroyHelpers::test_destroy_codebuild_iam_role_error_handling\ntests/operations/runtime/test_destroy.py::TestDestroyHelpers::test_destroy_additional_coverage_test\ntests/operations/runtime/test_destroy.py::TestDestroyHelpers::test_destroy_iam_role_non_nosuchentity_error_coverage\ntests/operations/runtime/test_destroy.py::TestDestroyHelpers::test_delete_ecr_repository_success\ntests/operations/runtime/test_destroy.py::TestDestroyHelpers::test_delete_ecr_repository_not_empty\ntests/operations/runtime/test_destroy.py::TestDestroyHelpers::test_delete_ecr_repository_not_found\ntests/operations/runtime/test_destroy.py::TestDestroyHelpers::test_delete_ecr_repository_deletion_error\ntests/operations/runtime/test_destroy.py::TestDestroyHelpers::test_delete_ecr_repository_generic_error\ntests/operations/runtime/test_invoke.py::TestInvokeBedrockAgentCore::test_invoke_success\ntests/operations/runtime/test_invoke.py::TestInvokeBedrockAgentCore::test_invoke_missing_config\ntests/operations/runtime/test_invoke.py::TestInvokeBedrockAgentCore::test_invoke_with_custom_session_id\ntests/operations/runtime/test_invoke.py::TestInvokeBedrockAgentCore::test_invoke_string_payload\ntests/operations/runtime/test_invoke.py::TestInvokeBedrockAgentCore::test_invoke_with_bearer_token\ntests/operations/runtime/test_invoke.py::TestInvokeBedrockAgentCore::test_invoke_bearer_token_with_session_id\ntests/operations/runtime/test_invoke.py::TestInvokeBedrockAgentCore::test_invoke_without_bearer_token_uses_boto3\ntests/operations/runtime/test_invoke.py::TestInvokeBedrockAgentCore::test_invoke_local_mode_success\ntests/operations/runtime/test_invoke.py::TestInvokeBedrockAgentCore::test_invoke_local_mode_with_bearer_token\ntests/operations/runtime/test_invoke.py::TestInvokeBedrockAgentCore::test_invoke_local_mode_creates_workload_if_missing\ntests/operations/runtime/test_invoke.py::TestGetWorkloadName::test_get_workload_name_existing\ntests/operations/runtime/test_invoke.py::TestGetWorkloadName::test_get_workload_name_no_oauth_config\ntests/operations/runtime/test_launch.py::TestLaunchBedrockAgentCore::test_launch_local_mode\ntests/operations/runtime/test_launch.py::TestLaunchBedrockAgentCore::test_launch_cloud_with_ecr_auto_create\ntests/operations/runtime/test_launch.py::TestLaunchBedrockAgentCore::test_launch_cloud_existing_agent\ntests/operations/runtime/test_launch.py::TestLaunchBedrockAgentCore::test_launch_build_failure\ntests/operations/runtime/test_launch.py::TestLaunchBedrockAgentCore::test_launch_missing_config\ntests/operations/runtime/test_launch.py::TestLaunchBedrockAgentCore::test_launch_invalid_config\ntests/operations/runtime/test_launch.py::TestLaunchBedrockAgentCore::test_launch_local_build_cloud_deployment\ntests/operations/runtime/test_launch.py::TestLaunchBedrockAgentCore::test_launch_missing_ecr_repository\ntests/operations/runtime/test_launch.py::TestLaunchBedrockAgentCore::test_launch_cloud_with_execution_role_auto_create\ntests/operations/runtime/test_launch.py::TestLaunchBedrockAgentCore::test_launch_cloud_with_existing_execution_role\ntests/operations/runtime/test_launch.py::TestLaunchBedrockAgentCore::test_launch_missing_execution_role_no_auto_create\ntests/operations/runtime/test_launch.py::TestLaunchBedrockAgentCore::test_launch_cloud_conflict_exception_graceful_handling\ntests/operations/runtime/test_launch.py::TestLaunchBedrockAgentCore::test_launch_cloud_conflict_exception_disabled_auto_update\ntests/operations/runtime/test_launch.py::TestLaunchBedrockAgentCore::test_launch_cloud_with_existing_session_id_reset\ntests/operations/runtime/test_launch.py::TestLaunchBedrockAgentCore::test_launch_cloud_without_existing_session_id_no_reset\ntests/operations/runtime/test_launch.py::TestLaunchBedrockAgentCore::test_launch_local_mode_no_docker_runtime\ntests/operations/runtime/test_launch.py::TestLaunchBedrockAgentCore::test_launch_with_codebuild_from_main_function\ntests/operations/runtime/test_launch.py::TestEnsureExecutionRole::test_ensure_execution_role_auto_create_success\ntests/operations/runtime/test_launch.py::TestEnsureExecutionRole::test_ensure_execution_role_existing_role_no_create\ntests/operations/runtime/test_launch.py::TestEnsureExecutionRole::test_ensure_execution_role_no_role_no_auto_create\ntests/operations/runtime/test_launch.py::TestEnsureExecutionRole::test_ensure_execution_role_creation_failure\ntests/operations/runtime/test_launch.py::TestEnsureExecutionRole::test_validate_execution_role_url_encoded_policy\ntests/operations/runtime/test_launch.py::TestEnsureExecutionRole::test_validate_execution_role_invalid_trust_policy\ntests/operations/runtime/test_launch.py::TestEnsureExecutionRole::test_validate_execution_role_role_not_found\ntests/operations/runtime/test_launch.py::TestEnsureExecutionRole::test_launch_with_codebuild_passes_env_vars\ntests/operations/runtime/test_launch.py::TestTransactionSearchIntegration::test_transaction_search_called_when_observability_enabled\ntests/operations/runtime/test_launch.py::TestTransactionSearchIntegration::test_transaction_search_not_called_when_observability_disabled\ntests/operations/runtime/test_launch.py::TestTransactionSearchIntegration::test_launch_continues_when_transaction_search_fails\ntests/operations/runtime/test_launch.py::TestTransactionSearchIntegration::test_transaction_search_with_codebuild_deployment\ntests/operations/runtime/test_launch.py::TestTransactionSearchIntegration::test_transaction_search_with_different_regions\ntests/operations/runtime/test_launch.py::TestTransactionSearchIntegration::test_transaction_search_not_called_in_local_mode\ntests/operations/runtime/test_status.py::TestStatusOperation::test_status_with_deployed_agent\ntests/operations/runtime/test_status.py::TestStatusOperation::test_status_not_deployed\ntests/operations/runtime/test_status.py::TestStatusOperation::test_status_runtime_error\ntests/operations/runtime/test_status.py::TestStatusOperation::test_status_missing_config\ntests/operations/runtime/test_status.py::TestStatusOperation::test_status_client_initialization_error\ntests/operations/runtime/test_status.py::TestStatusOperation::test_status_partial_failure\ntests/operations/runtime/test_status.py::TestStatusOperation::test_status_config_info_creation\ntests/services/import_agent/test_import_agent.py::TestImportAgent::test_bedrock_to_strands\ntests/services/import_agent/test_import_agent.py::TestImportAgent::test_bedrock_to_langchain\ntests/services/import_agent/test_import_agent.py::TestImportAgent::test_bedrock_to_langchain_with_primitives\ntests/services/import_agent/test_import_agent.py::TestImportAgent::test_bedrock_to_strands_with_primitives\ntests/services/import_agent/test_import_agent.py::TestImportAgent::test_bedrock_to_langchain_with_function_schema_no_gateway\ntests/services/import_agent/test_import_agent.py::TestImportAgent::test_bedrock_to_strands_with_function_schema_no_gateway\ntests/services/import_agent/test_import_agent.py::TestImportAgent::test_bedrock_to_langchain_with_no_schema_action_group\ntests/services/test_codebuild.py::TestCodeBuildService::test_init\ntests/services/test_codebuild.py::TestCodeBuildService::test_get_source_bucket_name\ntests/services/test_codebuild.py::TestCodeBuildService::test_ensure_source_bucket_create_new\ntests/services/test_codebuild.py::TestCodeBuildService::test_ensure_source_bucket_existing\ntests/services/test_codebuild.py::TestCodeBuildService::test_ensure_source_bucket_us_east_1\ntests/services/test_codebuild.py::TestCodeBuildService::test_upload_source_success\ntests/services/test_codebuild.py::TestCodeBuildService::test_normalize_s3_location\ntests/services/test_codebuild.py::TestCodeBuildService::test_create_codebuild_execution_role_new\ntests/services/test_codebuild.py::TestCodeBuildService::test_create_codebuild_execution_role_existing\ntests/services/test_codebuild.py::TestCodeBuildService::test_create_or_update_project_new\ntests/services/test_codebuild.py::TestCodeBuildService::test_create_or_update_project_existing\ntests/services/test_codebuild.py::TestCodeBuildService::test_start_build\ntests/services/test_codebuild.py::TestCodeBuildService::test_wait_for_completion_success\ntests/services/test_codebuild.py::TestCodeBuildService::test_wait_for_completion_failure\ntests/services/test_codebuild.py::TestCodeBuildService::test_wait_for_completion_timeout\ntests/services/test_codebuild.py::TestCodeBuildService::test_get_arm64_buildspec\ntests/services/test_codebuild.py::TestCodeBuildService::test_parse_dockerignore_existing_file\ntests/services/test_codebuild.py::TestCodeBuildService::test_parse_dockerignore_no_file\ntests/services/test_codebuild.py::TestCodeBuildService::test_should_ignore_basic_patterns\ntests/services/test_codebuild.py::TestCodeBuildService::test_should_ignore_negation_patterns\ntests/services/test_codebuild.py::TestCodeBuildService::test_negation_patterns_multiple\ntests/services/test_codebuild.py::TestCodeBuildService::test_negation_patterns_directories\ntests/services/test_codebuild.py::TestCodeBuildService::test_negation_patterns_complex_precedence\ntests/services/test_codebuild.py::TestCodeBuildService::test_source_upload_with_negation_patterns\ntests/services/test_codebuild.py::TestCodeBuildService::test_matches_pattern_exact_match\ntests/services/test_codebuild.py::TestCodeBuildService::test_matches_pattern_glob\ntests/services/test_codebuild.py::TestCodeBuildService::test_matches_pattern_directory\ntests/services/test_codebuild.py::TestCodeBuildService::test_source_upload_with_dockerignore\ntests/services/test_codebuild.py::TestCodeBuildService::test_project_config_arm64_settings\ntests/services/test_codebuild.py::TestCodeBuildService::test_iam_role_permissions\ntests/services/test_ecr.py::TestECRService::test_create_ecr_repository\ntests/services/test_ecr.py::TestECRService::test_deploy_to_ecr_full_flow\ntests/services/test_ecr.py::TestECRService::test_ecr_auth_failure\ntests/services/test_ecr.py::TestECRService::test_get_account_id\ntests/services/test_ecr.py::TestECRService::test_get_region\ntests/services/test_runtime.py::TestBedrockAgentCoreRuntime::test_create_or_update_agent\ntests/services/test_runtime.py::TestBedrockAgentCoreRuntime::test_wait_for_endpoint_ready\ntests/services/test_runtime.py::TestBedrockAgentCoreRuntime::test_wait_for_endpoint_ready_resource_not_found\ntests/services/test_runtime.py::TestBedrockAgentCoreRuntime::test_invoke_endpoint\ntests/services/test_runtime.py::TestBedrockAgentCoreRuntime::test_api_error_handling\ntests/services/test_runtime.py::TestBedrockAgentCoreRuntime::test_generate_session_id\ntests/services/test_runtime.py::TestBedrockAgentCoreRuntime::test_client_initialization\ntests/services/test_runtime.py::TestBedrockAgentCoreRuntime::test_create_agent_with_optional_configs\ntests/services/test_runtime.py::TestBedrockAgentCoreRuntime::test_create_agent_error_handling\ntests/services/test_runtime.py::TestBedrockAgentCoreRuntime::test_update_agent_with_optional_configs\ntests/services/test_runtime.py::TestBedrockAgentCoreRuntime::test_update_agent_error_handling\ntests/services/test_runtime.py::TestBedrockAgentCoreRuntime::test_get_agent_runtime\ntests/services/test_runtime.py::TestBedrockAgentCoreRuntime::test_get_agent_runtime_endpoint\ntests/services/test_runtime.py::TestBedrockAgentCoreRuntime::test_invoke_endpoint_with_events_error\ntests/services/test_runtime.py::TestHttpBedrockAgentCoreClient::test_invoke_endpoint_success\ntests/services/test_runtime.py::TestHttpBedrockAgentCoreClient::test_invoke_endpoint_with_custom_qualifier\ntests/services/test_runtime.py::TestHttpBedrockAgentCoreClient::test_invoke_endpoint_http_error\ntests/services/test_runtime.py::TestHttpBedrockAgentCoreClient::test_invoke_endpoint_connection_error\ntests/services/test_runtime.py::TestHttpBedrockAgentCoreClient::test_invoke_endpoint_timeout\ntests/services/test_runtime.py::TestHttpBedrockAgentCoreClient::test_invoke_endpoint_empty_response\ntests/services/test_runtime.py::TestHttpBedrockAgentCoreClient::test_url_encoding_special_characters\ntests/services/test_runtime.py::TestHttpBedrockAgentCoreClient::test_payload_types\ntests/services/test_runtime.py::TestLocalBedrockAgentCoreClient::test_initialization\ntests/services/test_runtime.py::TestLocalBedrockAgentCoreClient::test_invoke_endpoint_success\ntests/services/test_runtime.py::TestLocalBedrockAgentCoreClient::test_invoke_endpoint_with_non_json_payload\ntests/services/test_runtime.py::TestHandleStreamingResponse::test_handle_streaming_response_with_data_lines\ntests/services/test_runtime.py::TestHandleStreamingResponse::test_handle_aws_response_byte_parsing\ntests/services/test_runtime_conflict_error.py::test_conflict_exception_improved_error_message\ntests/services/test_runtime_conflict_error.py::test_conflict_exception_with_auto_update_enabled\ntests/services/test_xray.py::TestEnableTransactionSearchIfNeeded::test_all_components_need_configuration\ntests/services/test_xray.py::TestEnableTransactionSearchIfNeeded::test_partial_configuration_needed\ntests/services/test_xray.py::TestEnableTransactionSearchIfNeeded::test_all_components_already_configured\ntests/services/test_xray.py::TestEnableTransactionSearchIfNeeded::test_session_creation_failure\ntests/services/test_xray.py::TestEnableTransactionSearchIfNeeded::test_configuration_step_failure\ntests/services/test_xray.py::TestNeedResourcePolicy::test_policy_exists\ntests/services/test_xray.py::TestNeedResourcePolicy::test_policy_does_not_exist\ntests/services/test_xray.py::TestNeedResourcePolicy::test_no_policies_exist\ntests/services/test_xray.py::TestNeedResourcePolicy::test_api_exception\ntests/services/test_xray.py::TestNeedResourcePolicy::test_custom_policy_name\ntests/services/test_xray.py::TestNeedTraceDestination::test_destination_is_cloudwatch_logs\ntests/services/test_xray.py::TestNeedTraceDestination::test_destination_is_not_cloudwatch_logs\ntests/services/test_xray.py::TestNeedTraceDestination::test_no_destination_set\ntests/services/test_xray.py::TestNeedTraceDestination::test_api_exception\ntests/services/test_xray.py::TestNeedIndexingRule::test_default_rule_exists\ntests/services/test_xray.py::TestNeedIndexingRule::test_no_default_rule\ntests/services/test_xray.py::TestNeedIndexingRule::test_no_rules_exist\ntests/services/test_xray.py::TestNeedIndexingRule::test_api_exception\ntests/services/test_xray.py::TestCreateCloudWatchLogsResourcePolicy::test_successful_policy_creation\ntests/services/test_xray.py::TestCreateCloudWatchLogsResourcePolicy::test_policy_already_exists\ntests/services/test_xray.py::TestCreateCloudWatchLogsResourcePolicy::test_other_client_error\ntests/services/test_xray.py::TestConfigureTraceSegmentDestination::test_successful_configuration\ntests/services/test_xray.py::TestConfigureTraceSegmentDestination::test_destination_already_configured\ntests/services/test_xray.py::TestConfigureTraceSegmentDestination::test_other_client_error\ntests/services/test_xray.py::TestConfigureIndexingRule::test_successful_configuration\ntests/services/test_xray.py::TestConfigureIndexingRule::test_rule_already_configured\ntests/services/test_xray.py::TestConfigureIndexingRule::test_other_client_error\ntests/services/test_xray.py::TestEdgeCasesAndErrorHandling::test_invalid_parameters[-123456789012]\ntests/services/test_xray.py::TestEdgeCasesAndErrorHandling::test_invalid_parameters[us-east-1-]\ntests/services/test_xray.py::TestEdgeCasesAndErrorHandling::test_invalid_parameters[-]\ntests/services/test_xray.py::TestEdgeCasesAndErrorHandling::test_invalid_parameters[None-123456789012]\ntests/services/test_xray.py::TestEdgeCasesAndErrorHandling::test_invalid_parameters[us-east-1-None]\ntests/services/test_xray.py::TestEdgeCasesAndErrorHandling::test_partial_failure_scenario\ntests/test_load_performance.py::TestHighVolumeProcessing::test_1000_tps_sustained_load\ntests/test_load_performance.py::TestHighVolumeProcessing::test_burst_traffic_handling\ntests/test_load_performance.py::TestHighVolumeProcessing::test_concurrent_user_simulation\ntests/test_load_performance.py::TestAutoScaling::test_scale_up_behavior\ntests/test_load_performance.py::TestAutoScaling::test_scale_down_behavior\ntests/test_load_performance.py::TestResponseTimeOptimization::test_response_time_targets\ntests/test_load_performance.py::TestResponseTimeOptimization::test_caching_effectiveness\ntests/test_load_performance.py::TestSystemRecovery::test_graceful_degradation\ntests/test_load_performance.py::TestSystemRecovery::test_circuit_breaker_behavior\ntests/test_load_performance.py::TestSystemRecovery::test_recovery_after_failure\ntests/test_load_performance.py::test_stress_test\ntests/unit/external/test_fraud_database.py::TestFraudDatabaseTool::test_tool_initialization\ntests/unit/external/test_fraud_database.py::TestFraudDatabaseTool::test_search_similar_cases_success\ntests/unit/external/test_fraud_database.py::TestFraudDatabaseTool::test_search_similar_cases_with_filters\ntests/unit/external/test_fraud_database.py::TestFraudDatabaseTool::test_check_fraud_patterns_success\ntests/unit/external/test_fraud_database.py::TestFraudDatabaseTool::test_report_fraud_case_success\ntests/unit/external/test_fraud_database.py::TestFraudDatabaseTool::test_update_case_status_success\ntests/unit/external/test_fraud_database.py::TestFraudDatabaseTool::test_get_fraud_statistics_success\ntests/unit/external/test_fraud_database.py::TestFraudDatabaseTool::test_get_latest_patterns_success\ntests/unit/external/test_fraud_database.py::TestFraudDatabaseTool::test_mock_similar_search\ntests/unit/external/test_fraud_database.py::TestFraudDatabaseTool::test_mock_pattern_check_high_amount\ntests/unit/external/test_fraud_database.py::TestFraudDatabaseTool::test_api_error_handling\ntests/unit/external/test_fraud_database.py::TestFraudDatabaseTool::test_different_database_types\ntests/unit/external/test_fraud_database.py::TestFraudCase::test_fraud_case_creation\ntests/unit/external/test_fraud_database.py::TestSimilarCase::test_similar_case_creation\ntests/unit/external/test_fraud_database.py::TestCreateFraudDatabaseTool::test_create_generic_tool\ntests/unit/external/test_fraud_database.py::TestCreateFraudDatabaseTool::test_create_kount_tool\ntests/unit/external/test_fraud_database.py::TestCreateFraudDatabaseTool::test_create_with_custom_base_url\ntests/unit/external/test_geolocation_services.py::TestGeolocationTool::test_tool_initialization\ntests/unit/external/test_geolocation_services.py::TestGeolocationTool::test_geolocate_ip_success\ntests/unit/external/test_geolocation_services.py::TestGeolocationTool::test_geolocate_ip_failure\ntests/unit/external/test_geolocation_services.py::TestGeolocationTool::test_assess_location_risk_low_risk\ntests/unit/external/test_geolocation_services.py::TestGeolocationTool::test_assess_location_risk_high_risk\ntests/unit/external/test_geolocation_services.py::TestGeolocationTool::test_assess_location_risk_disabled\ntests/unit/external/test_geolocation_services.py::TestGeolocationTool::test_analyze_travel_pattern_normal\ntests/unit/external/test_geolocation_services.py::TestGeolocationTool::test_analyze_travel_pattern_impossible\ntests/unit/external/test_geolocation_services.py::TestGeolocationTool::test_analyze_travel_pattern_no_previous_location\ntests/unit/external/test_geolocation_services.py::TestGeolocationTool::test_verify_location_consistency_consistent\ntests/unit/external/test_geolocation_services.py::TestGeolocationTool::test_verify_location_consistency_inconsistent\ntests/unit/external/test_geolocation_services.py::TestGeolocationTool::test_get_high_risk_regions_success\ntests/unit/external/test_geolocation_services.py::TestGeolocationTool::test_mock_geolocation_private_ip\ntests/unit/external/test_geolocation_services.py::TestGeolocationTool::test_mock_geolocation_vpn_detection\ntests/unit/external/test_geolocation_services.py::TestGeolocationTool::test_mock_risk_assessment_low_risk\ntests/unit/external/test_geolocation_services.py::TestGeolocationTool::test_mock_risk_assessment_high_risk\ntests/unit/external/test_geolocation_services.py::TestGeolocationTool::test_calculate_distance\ntests/unit/external/test_geolocation_services.py::TestGeolocationTool::test_calculate_distance_same_location\ntests/unit/external/test_geolocation_services.py::TestGeolocationTool::test_analyze_travel_velocity_patterns\ntests/unit/external/test_geolocation_services.py::TestGeographicLocation::test_geographic_location_creation\ntests/unit/external/test_geolocation_services.py::TestGeographicLocation::test_geographic_location_minimal\ntests/unit/external/test_geolocation_services.py::TestLocationRiskAssessment::test_location_risk_assessment_creation\ntests/unit/external/test_geolocation_services.py::TestTravelAnalysis::test_travel_analysis_creation\ntests/unit/external/test_geolocation_services.py::TestCreateGeolocationTool::test_create_generic_tool\ntests/unit/external/test_geolocation_services.py::TestCreateGeolocationTool::test_create_maxmind_tool\ntests/unit/external/test_geolocation_services.py::TestCreateGeolocationTool::test_create_ipinfo_tool\ntests/unit/external/test_geolocation_services.py::TestCreateGeolocationTool::test_create_with_custom_base_url\ntests/unit/external/test_identity_verification.py::TestIdentityVerificationTool::test_tool_initialization\ntests/unit/external/test_identity_verification.py::TestIdentityVerificationTool::test_verify_identity_success\ntests/unit/external/test_identity_verification.py::TestIdentityVerificationTool::test_verify_identity_failure\ntests/unit/external/test_identity_verification.py::TestIdentityVerificationTool::test_verify_identity_api_error\ntests/unit/external/test_identity_verification.py::TestIdentityVerificationTool::test_verify_document_success\ntests/unit/external/test_identity_verification.py::TestIdentityVerificationTool::test_verify_document_disabled\ntests/unit/external/test_identity_verification.py::TestIdentityVerificationTool::test_check_watchlist_success\ntests/unit/external/test_identity_verification.py::TestIdentityVerificationTool::test_check_watchlist_match_found\ntests/unit/external/test_identity_verification.py::TestIdentityVerificationTool::test_generic_api_mock_logic\ntests/unit/external/test_identity_verification.py::TestIdentityVerificationTool::test_rate_limiting\ntests/unit/external/test_identity_verification.py::TestIdentityVerificationTool::test_caching_functionality\ntests/unit/external/test_identity_verification.py::TestIdentityVerificationTool::test_different_providers\ntests/unit/external/test_identity_verification.py::TestIdentityData::test_identity_data_creation\ntests/unit/external/test_identity_verification.py::TestIdentityData::test_identity_data_minimal\ntests/unit/external/test_identity_verification.py::TestCreateIdentityVerificationTool::test_create_generic_tool\ntests/unit/external/test_identity_verification.py::TestCreateIdentityVerificationTool::test_create_jumio_tool\ntests/unit/external/test_identity_verification.py::TestCreateIdentityVerificationTool::test_create_with_custom_base_url\ntests/unit/memory/test_context_manager.py::TestContextualInsight::test_contextual_insight_creation\ntests/unit/memory/test_context_manager.py::TestContextManager::test_initialization\ntests/unit/memory/test_context_manager.py::TestContextManager::test_get_transaction_context_complete\ntests/unit/memory/test_context_manager.py::TestContextManager::test_get_transaction_context_minimal\ntests/unit/memory/test_context_manager.py::TestContextManager::test_generate_contextual_insights_similar_cases\ntests/unit/memory/test_context_manager.py::TestContextManager::test_generate_contextual_insights_spending_behavior\ntests/unit/memory/test_context_manager.py::TestContextManager::test_generate_contextual_insights_decision_history\ntests/unit/memory/test_context_manager.py::TestContextManager::test_analyze_risk_factors_with_profile\ntests/unit/memory/test_context_manager.py::TestContextManager::test_analyze_risk_factors_without_profile\ntests/unit/memory/test_context_manager.py::TestContextManager::test_get_contextual_recommendation_approve\ntests/unit/memory/test_context_manager.py::TestContextManager::test_get_contextual_recommendation_high_risk\ntests/unit/memory/test_context_manager.py::TestContextManager::test_error_handling_in_context_retrieval\ntests/unit/memory/test_context_manager.py::TestContextManager::test_error_handling_in_recommendation\ntests/unit/memory/test_context_manager.py::TestContextManager::test_risk_score_normalization\ntests/unit/memory/test_pattern_learning.py::TestPatternMetrics::test_precision_calculation\ntests/unit/memory/test_pattern_learning.py::TestPatternMetrics::test_recall_calculation\ntests/unit/memory/test_pattern_learning.py::TestPatternMetrics::test_f1_score_calculation\ntests/unit/memory/test_pattern_learning.py::TestPatternMetrics::test_accuracy_calculation\ntests/unit/memory/test_pattern_learning.py::TestPatternMetrics::test_zero_division_handling\ntests/unit/memory/test_pattern_learning.py::TestPatternLearningEngine::test_initialization\ntests/unit/memory/test_pattern_learning.py::TestPatternLearningEngine::test_detect_new_patterns\ntests/unit/memory/test_pattern_learning.py::TestPatternLearningEngine::test_incorporate_feedback_true_positive\ntests/unit/memory/test_pattern_learning.py::TestPatternLearningEngine::test_incorporate_feedback_false_positive\ntests/unit/memory/test_pattern_learning.py::TestPatternLearningEngine::test_incorporate_feedback_false_negative\ntests/unit/memory/test_pattern_learning.py::TestPatternLearningEngine::test_incorporate_feedback_true_negative\ntests/unit/memory/test_pattern_learning.py::TestPatternLearningEngine::test_pattern_update_after_threshold_feedback\ntests/unit/memory/test_pattern_learning.py::TestPatternLearningEngine::test_evaluate_pattern_performance\ntests/unit/memory/test_pattern_learning.py::TestPatternLearningEngine::test_get_learning_recommendations\ntests/unit/memory/test_pattern_learning.py::TestPatternLearningEngine::test_optimize_pattern_thresholds\ntests/unit/memory/test_pattern_learning.py::TestPatternLearningEngine::test_simulate_threshold_performance\ntests/unit/memory/test_pattern_learning.py::TestPatternLearningEngine::test_multiple_pattern_feedback\ntests/unit/memory/test_pattern_learning.py::TestPatternLearningEngine::test_error_handling_in_feedback\ntests/unit/streaming/test_event_response_system.py::TestEventResponseSystem::test_system_initialization\ntests/unit/streaming/test_event_response_system.py::TestEventResponseSystem::test_add_response_rule\ntests/unit/streaming/test_event_response_system.py::TestEventResponseSystem::test_remove_response_rule\ntests/unit/streaming/test_event_response_system.py::TestEventResponseSystem::test_register_action_handler\ntests/unit/streaming/test_event_response_system.py::TestEventResponseSystem::test_add_event_listener\ntests/unit/streaming/test_event_response_system.py::TestEventResponseSystem::test_submit_event\ntests/unit/streaming/test_event_response_system.py::TestEventResponseSystem::test_event_listener_notification\ntests/unit/streaming/test_event_response_system.py::TestEventResponseSystem::test_find_matching_rules\ntests/unit/streaming/test_event_response_system.py::TestEventResponseSystem::test_evaluate_rule_conditions\ntests/unit/streaming/test_event_response_system.py::TestEventResponseSystem::test_can_execute_rule\ntests/unit/streaming/test_event_response_system.py::TestEventResponseSystem::test_default_action_handler\ntests/unit/streaming/test_event_response_system.py::TestEventResponseSystem::test_custom_action_handler\ntests/unit/streaming/test_event_response_system.py::TestEventResponseSystem::test_get_metrics\ntests/unit/streaming/test_event_response_system.py::TestEventResponseSystem::test_get_status\ntests/unit/streaming/test_event_response_system.py::TestEventResponseSystem::test_start_stop_system\ntests/unit/streaming/test_event_response_system.py::TestEventResponseSystem::test_event_correlation_window\ntests/unit/streaming/test_event_response_system.py::TestEventResponseSystem::test_velocity_correlation_detection\ntests/unit/streaming/test_event_response_system.py::TestFraudEvent::test_fraud_event_creation\ntests/unit/streaming/test_event_response_system.py::TestFraudEvent::test_event_priority_ordering\ntests/unit/streaming/test_event_response_system.py::TestResponseRule::test_response_rule_creation\ntests/unit/streaming/test_event_response_system.py::TestResponseExecution::test_response_execution_creation\ntests/unit/streaming/test_scalable_event_processor.py::TestScalableEventProcessor::test_processor_initialization\ntests/unit/streaming/test_scalable_event_processor.py::TestScalableEventProcessor::test_add_processors\ntests/unit/streaming/test_scalable_event_processor.py::TestScalableEventProcessor::test_submit_event\ntests/unit/streaming/test_scalable_event_processor.py::TestScalableEventProcessor::test_submit_events_batch\ntests/unit/streaming/test_scalable_event_processor.py::TestScalableEventProcessor::test_get_metrics\ntests/unit/streaming/test_scalable_event_processor.py::TestScalableEventProcessor::test_get_status\ntests/unit/streaming/test_scalable_event_processor.py::TestScalableEventProcessor::test_start_stop_processor\ntests/unit/streaming/test_scalable_event_processor.py::TestScalableEventProcessor::test_event_batch_creation\ntests/unit/streaming/test_scalable_event_processor.py::TestScalableEventProcessor::test_scaling_decision_making\ntests/unit/streaming/test_scalable_event_processor.py::TestScalableEventProcessor::test_worker_scaling\ntests/unit/streaming/test_scalable_event_processor.py::TestScalableEventProcessor::test_checkpoint_creation\ntests/unit/streaming/test_scalable_event_processor.py::TestScalableEventProcessor::test_replay_batch_storage\ntests/unit/streaming/test_scalable_event_processor.py::TestScalableEventProcessor::test_event_replay\ntests/unit/streaming/test_scalable_event_processor.py::TestScalableEventProcessor::test_audit_logging\ntests/unit/streaming/test_scalable_event_processor.py::TestScalableEventProcessor::test_processing_with_handlers\ntests/unit/streaming/test_scalable_event_processor.py::TestScalableEventProcessor::test_metrics_monitoring\ntests/unit/streaming/test_scalable_event_processor.py::TestScalableEventProcessor::test_error_handling\ntests/unit/streaming/test_scalable_event_processor.py::TestEventBatch::test_event_batch_creation\ntests/unit/streaming/test_scalable_event_processor.py::TestEventBatch::test_batch_priority_ordering\ntests/unit/streaming/test_scalable_event_processor.py::TestProcessingMetrics::test_metrics_creation\ntests/unit/streaming/test_scalable_event_processor.py::TestScalingDecision::test_scaling_decision_creation\ntests/unit/streaming/test_scalable_event_processor.py::TestCreateScalableProcessor::test_create_processor_with_defaults\ntests/unit/streaming/test_scalable_event_processor.py::TestCreateScalableProcessor::test_create_processor_with_custom_settings\ntests/unit/streaming/test_transaction_stream_processor.py::TestTransaction::test_transaction_creation\ntests/unit/streaming/test_transaction_stream_processor.py::TestTransaction::test_transaction_serialization\ntests/unit/streaming/test_transaction_stream_processor.py::TestStreamingFraudDetector::test_fraud_detector_initialization\ntests/unit/streaming/test_transaction_stream_processor.py::TestStreamingFraudDetector::test_detect_fraud_low_risk\ntests/unit/streaming/test_transaction_stream_processor.py::TestStreamingFraudDetector::test_detect_fraud_high_risk\ntests/unit/streaming/test_transaction_stream_processor.py::TestStreamingFraudDetector::test_fraud_detector_stats\ntests/unit/streaming/test_transaction_stream_processor.py::TestTransactionStreamProcessor::test_processor_initialization\ntests/unit/streaming/test_transaction_stream_processor.py::TestTransactionStreamProcessor::test_set_fraud_detector\ntests/unit/streaming/test_transaction_stream_processor.py::TestTransactionStreamProcessor::test_priority_determination\ntests/unit/streaming/test_transaction_stream_processor.py::TestTransactionStreamProcessor::test_process_transaction_not_running\ntests/unit/streaming/test_transaction_stream_processor.py::TestTransactionStreamProcessor::test_start_stop_processor\ntests/unit/streaming/test_transaction_stream_processor.py::TestTransactionStreamProcessor::test_process_transaction_running\ntests/unit/streaming/test_transaction_stream_processor.py::TestTransactionStreamProcessor::test_process_batch\ntests/unit/streaming/test_transaction_stream_processor.py::TestTransactionStreamProcessor::test_get_status\ntests/unit/streaming/test_transaction_stream_processor.py::TestTransactionStreamProcessor::test_result_handler\ntests/unit/streaming/test_transaction_stream_processor.py::TestTransactionStreamProcessor::test_error_handler\ntests/unit/streaming/test_transaction_stream_processor.py::TestTransactionStreamProcessor::test_metrics_update\ntests/unit/streaming/test_transaction_stream_processor.py::TestProcessingResult::test_processing_result_creation\ntests/utils/runtime/test_config.py::TestProjectConfiguration::test_load_project_config_single_agent\ntests/utils/runtime/test_config.py::TestProjectConfiguration::test_load_project_config_multiple_agents\ntests/utils/runtime/test_config.py::TestProjectConfiguration::test_get_agent_config_by_name\ntests/utils/runtime/test_config.py::TestProjectConfiguration::test_get_default_agent_config\ntests/utils/runtime/test_config.py::TestProjectConfiguration::test_get_agent_config_no_target_name_single_agent\ntests/utils/runtime/test_config.py::TestProjectConfiguration::test_get_agent_config_error_handling\ntests/utils/runtime/test_config.py::TestProjectConfiguration::test_project_config_save_load_cycle\ntests/utils/runtime/test_config.py::TestProjectConfiguration::test_is_project_config_format_detection\ntests/utils/runtime/test_config.py::TestMergeAgentConfig::test_merge_agent_config_first_agent_sets_default\ntests/utils/runtime/test_config.py::TestMergeAgentConfig::test_merge_agent_config_changes_default_agent\ntests/utils/runtime/test_config.py::TestMergeAgentConfig::test_merge_agent_config_keeps_same_default\ntests/utils/runtime/test_config.py::TestMergeAgentConfig::test_merge_agent_config_preserves_deployment_info\ntests/utils/runtime/test_config.py::TestMergeAgentConfig::test_merge_agent_config_multiple_agents_scenario\ntests/utils/runtime/test_config.py::TestMergeAgentConfig::test_merge_agent_config_logging_calls\ntests/utils/runtime/test_config.py::TestRequestHeaderConfigurationSchema::test_agent_schema_request_header_configuration_none_default\ntests/utils/runtime/test_config.py::TestRequestHeaderConfigurationSchema::test_agent_schema_request_header_configuration_valid_dict\ntests/utils/runtime/test_config.py::TestRequestHeaderConfigurationSchema::test_agent_schema_request_header_configuration_empty_dict\ntests/utils/runtime/test_config.py::TestRequestHeaderConfigurationSchema::test_agent_schema_request_header_configuration_complex_structure\ntests/utils/runtime/test_config.py::TestRequestHeaderConfigurationSchema::test_project_config_with_request_headers_save_load_cycle\ntests/utils/runtime/test_config.py::TestRequestHeaderConfigurationSchema::test_merge_agent_config_replaces_request_header_config\ntests/utils/runtime/test_config.py::TestRequestHeaderConfigurationSchema::test_merge_agent_config_preserves_with_explicit_config\ntests/utils/runtime/test_config.py::TestRequestHeaderConfigurationSchema::test_merge_agent_config_updates_request_header_config\ntests/utils/runtime/test_config.py::TestRequestHeaderConfigurationSchema::test_merge_agent_config_clears_request_header_config_when_none\ntests/utils/runtime/test_config.py::TestRequestHeaderConfigurationSchema::test_agent_schema_serialization_with_request_headers\ntests/utils/runtime/test_config.py::TestRequestHeaderConfigurationSchema::test_config_schema_validation_with_request_headers\ntests/utils/runtime/test_config.py::TestRequestHeaderConfigurationSchema::test_multiple_agents_different_request_headers\ntests/utils/runtime/test_container.py::TestContainerRuntime::test_runtime_auto_detection\ntests/utils/runtime/test_container.py::TestContainerRuntime::test_generate_dockerfile\ntests/utils/runtime/test_container.py::TestContainerRuntime::test_build_image\ntests/utils/runtime/test_container.py::TestContainerRuntime::test_run_local_with_credentials\ntests/utils/runtime/test_container.py::TestContainerRuntime::test_auto_runtime_detection_success\ntests/utils/runtime/test_container.py::TestContainerRuntime::test_get_module_path_success\ntests/utils/runtime/test_container.py::TestContainerRuntime::test_get_module_path_root_level\ntests/utils/runtime/test_container.py::TestContainerRuntime::test_get_module_path_bedrock_agentcore_prefix\ntests/utils/runtime/test_container.py::TestContainerRuntime::test_validate_module_path_success\ntests/utils/runtime/test_container.py::TestContainerRuntime::test_registry_login_success\ntests/utils/runtime/test_container.py::TestContainerRuntime::test_tag_image_success\ntests/utils/runtime/test_container.py::TestContainerRuntime::test_push_image_success\ntests/utils/runtime/test_container.py::TestContainerRuntime::test_ensure_dockerignore_creation\ntests/utils/runtime/test_container.py::TestContainerRuntime::test_run_local_with_env_vars\ntests/utils/runtime/test_container.py::TestContainerRuntime::test_dockerfile_generation_with_wheelhouse\ntests/utils/runtime/test_container.py::TestContainerRuntime::test_dockerfile_generation_with_pyproject\ntests/utils/runtime/test_container.py::TestContainerRuntime::test_is_runtime_installed_success\ntests/utils/runtime/test_container.py::TestContainerRuntime::test_is_runtime_installed_not_found\ntests/utils/runtime/test_container.py::TestContainerRuntime::test_image_exists_true\ntests/utils/runtime/test_container.py::TestContainerRuntime::test_image_exists_false\ntests/utils/runtime/test_container.py::TestContainerRuntime::test_image_exists_subprocess_error\ntests/utils/runtime/test_container.py::TestContainerRuntime::test_registry_login_failure\ntests/utils/runtime/test_container.py::TestContainerRuntime::test_registry_login_subprocess_error\ntests/utils/runtime/test_container.py::TestContainerRuntime::test_tag_image_failure\ntests/utils/runtime/test_container.py::TestContainerRuntime::test_push_image_failure\ntests/utils/runtime/test_container.py::TestContainerRuntime::test_get_current_platform_amd64\ntests/utils/runtime/test_container.py::TestContainerRuntime::test_get_current_platform_arm64\ntests/utils/runtime/test_container.py::TestContainerRuntime::test_get_current_platform_unknown\ntests/utils/runtime/test_container.py::TestContainerRuntime::test_generate_dockerfile_platform_validation_success\ntests/utils/runtime/test_container.py::TestContainerRuntime::test_generate_dockerfile_platform_validation_failure\ntests/utils/runtime/test_entrypoint.py::TestParseEntrypoint::test_parse_entrypoint_file_only\ntests/utils/runtime/test_entrypoint.py::TestParseEntrypoint::test_parse_entrypoint_file_not_found\ntests/utils/runtime/test_entrypoint.py::TestDependencies::test_detect_dependencies_auto\ntests/utils/runtime/test_entrypoint.py::TestDependencies::test_explicit_requirements_file\ntests/utils/runtime/test_entrypoint.py::TestDependencies::test_validate_requirements_file\ntests/utils/runtime/test_entrypoint.py::TestDependencies::test_get_python_version\ntests/utils/runtime/test_entrypoint.py::TestDependencies::test_is_root_package_property\ntests/utils/runtime/test_entrypoint.py::TestDependencies::test_posix_path_delimiters_maintained_for_dockerfile\ntests/utils/runtime/test_policy_template.py::TestPolicyTemplate::test_render_trust_policy_template\ntests/utils/runtime/test_policy_template.py::TestPolicyTemplate::test_render_execution_policy_template\ntests/utils/runtime/test_policy_template.py::TestPolicyTemplate::test_validate_rendered_policy_valid\ntests/utils/runtime/test_policy_template.py::TestPolicyTemplate::test_validate_rendered_policy_invalid\ntests/utils/runtime/test_policy_template.py::TestPolicyTemplate::test_template_files_exist\ntests/utils/runtime/test_policy_template.py::TestPolicyTemplate::test_policy_has_required_permissions\ntests/utils/test_endpoints.py::TestEndpoints::test_get_data_plane_endpoint[us-west-2-https://bedrock-agentcore.us-west-2.amazonaws.com]\ntests/utils/test_endpoints.py::TestEndpoints::test_get_control_plane_endpoint[us-west-2-https://bedrock-agentcore-control.us-west-2.amazonaws.com]\ntests/utils/test_logging_config.py::TestSetupToolkitLogging::test_setup_cli_mode\ntests/utils/test_logging_config.py::TestSetupToolkitLogging::test_setup_sdk_mode\ntests/utils/test_logging_config.py::TestSetupToolkitLogging::test_duplicate_setup_prevention\ntests/utils/test_logging_config.py::TestSetupToolkitLogging::test_invalid_mode_raises_error\ntests/utils/test_logging_config.py::TestSetupToolkitLogging::test_default_mode_is_sdk\ntests/utils/test_logging_config.py::TestCliLoggingSetup::test_cli_logging_setup_with_rich\ntests/utils/test_logging_config.py::TestCliLoggingSetup::test_cli_logging_fallback_without_rich\ntests/utils/test_logging_config.py::TestSdkLoggingSetup::test_sdk_logging_setup\ntests/utils/test_logging_config.py::TestSdkLoggingSetup::test_sdk_logging_no_duplicate_handlers\ntests/utils/test_logging_config.py::TestLoggingStateManagement::test_is_logging_configured_initial_state\ntests/utils/test_logging_config.py::TestLoggingStateManagement::test_is_logging_configured_after_setup\ntests/utils/test_logging_config.py::TestLoggingStateManagement::test_reset_logging_config\ntests/utils/test_logging_config.py::TestIntegrationScenarios::test_cli_then_sdk_no_duplication\ntests/utils/test_logging_config.py::TestIntegrationScenarios::test_sdk_then_cli_no_duplication\ntests/utils/test_logging_config.py::TestIntegrationScenarios::test_multiple_sdk_setups\ntests/utils/test_logging_config.py::TestIntegrationScenarios::test_actual_logging_output_sdk\ntests/utils/test_logging_config.py::TestIntegrationScenarios::test_logger_hierarchy\n\n=================================== ERRORS ====================================\n_________ ERROR collecting tests/integration/test_fraud_detection.py __________\nImportError while importing test module 'C:\\Users\\JAMES\\bedrock-agentcore-starter-toolkit\\tests\\integration\\test_fraud_detection.py'.\nHint: make sure your test modules/packages have valid Python names.\nTraceback:\nC:\\Python313\\Lib\\importlib\\__init__.py:88: in import_module\n    return _bootstrap._gcd_import(name[level:], package, level)\n           ^^^^^^^^^^^^^^^^^^^^^^^^^^^^^^^^^^^^^^^^^^^^^^^^^^^^\ntests\\integration\\test_fraud_detection.py:7: in <module>\n    from scripts.utilities.transaction_generator import TransactionGenerator\nscripts\\utilities\\transaction_generator.py:8: in <module>\n    from faker import Faker\nE   ModuleNotFoundError: No module named 'faker'\n------------------------------- Captured stdout -------------------------------\n\\U0001f4b1 Loaded 15 currencies with USD as base\\n\\U0001f4b1 Loaded 15 currencies with USD as base\n__________ ERROR collecting tests/integration/test_multicurrency.py ___________\nImportError while importing test module 'C:\\Users\\JAMES\\bedrock-agentcore-starter-toolkit\\tests\\integration\\test_multicurrency.py'.\nHint: make sure your test modules/packages have valid Python names.\nTraceback:\nC:\\Python313\\Lib\\importlib\\__init__.py:88: in import_module\n    return _bootstrap._gcd_import(name[level:], package, level)\n           ^^^^^^^^^^^^^^^^^^^^^^^^^^^^^^^^^^^^^^^^^^^^^^^^^^^^\ntests\\integration\\test_multicurrency.py:6: in <module>\n    from scripts.utilities.transaction_generator import TransactionGenerator\nscripts\\utilities\\transaction_generator.py:8: in <module>\n    from faker import Faker\nE   ModuleNotFoundError: No module named 'faker'\n____________ ERROR collecting tests/integration/test_with_files.py ____________\nImportError while importing test module 'C:\\Users\\JAMES\\bedrock-agentcore-starter-toolkit\\tests\\integration\\test_with_files.py'.\nHint: make sure your test modules/packages have valid Python names.\nTraceback:\nC:\\Python313\\Lib\\importlib\\__init__.py:88: in import_module\n    return _bootstrap._gcd_import(name[level:], package, level)\n           ^^^^^^^^^^^^^^^^^^^^^^^^^^^^^^^^^^^^^^^^^^^^^^^^^^^^\ntests\\integration\\test_with_files.py:6: in <module>\n    from scripts.utilities.transaction_generator import TransactionGenerator\nscripts\\utilities\\transaction_generator.py:8: in <module>\n    from faker import Faker\nE   ModuleNotFoundError: No module named 'faker'\n_____________ ERROR collecting tests/test_ai_agent_validation.py ______________\nImportError while importing test module 'C:\\Users\\JAMES\\bedrock-agentcore-starter-toolkit\\tests\\test_ai_agent_validation.py'.\nHint: make sure your test modules/packages have valid Python names.\nTraceback:\nC:\\Python313\\Lib\\importlib\\__init__.py:88: in import_module\n    return _bootstrap._gcd_import(name[level:], package, level)\n           ^^^^^^^^^^^^^^^^^^^^^^^^^^^^^^^^^^^^^^^^^^^^^^^^^^^^\ntests\\test_ai_agent_validation.py:17: in <module>\n    from agent_orchestrator import AgentOrchestrator\nE   ModuleNotFoundError: No module named 'agent_orchestrator'\n_________________ ERROR collecting tests/test_integration.py __________________\nImportError while importing test module 'C:\\Users\\JAMES\\bedrock-agentcore-starter-toolkit\\tests\\test_integration.py'.\nHint: make sure your test modules/packages have valid Python names.\nTraceback:\nC:\\Python313\\Lib\\importlib\\__init__.py:88: in import_module\n    return _bootstrap._gcd_import(name[level:], package, level)\n           ^^^^^^^^^^^^^^^^^^^^^^^^^^^^^^^^^^^^^^^^^^^^^^^^^^^^\ntests\\test_integration.py:17: in <module>\n    from agent_orchestrator import AgentOrchestrator\nE   ModuleNotFoundError: No module named 'agent_orchestrator'\n__________ ERROR collecting tests/unit/memory/test_memory_manager.py __________\nImportError while importing test module 'C:\\Users\\JAMES\\bedrock-agentcore-starter-toolkit\\tests\\unit\\memory\\test_memory_manager.py'.\nHint: make sure your test modules/packages have valid Python names.\nTraceback:\nC:\\Python313\\Lib\\importlib\\__init__.py:88: in import_module\n    return _bootstrap._gcd_import(name[level:], package, level)\n           ^^^^^^^^^^^^^^^^^^^^^^^^^^^^^^^^^^^^^^^^^^^^^^^^^^^^\ntests\\unit\\memory\\test_memory_manager.py:7: in <module>\n    from moto import mock_dynamodb\nE   ModuleNotFoundError: No module named 'moto'\n______ ERROR collecting tests/unit/reasoning/test_adaptive_reasoning.py _______\nImportError while importing test module 'C:\\Users\\JAMES\\bedrock-agentcore-starter-toolkit\\tests\\unit\\reasoning\\test_adaptive_reasoning.py'.\nHint: make sure your test modules/packages have valid Python names.\nTraceback:\nC:\\Python313\\Lib\\importlib\\__init__.py:88: in import_module\n    return _bootstrap._gcd_import(name[level:], package, level)\n           ^^^^^^^^^^^^^^^^^^^^^^^^^^^^^^^^^^^^^^^^^^^^^^^^^^^^\ntests\\unit\\reasoning\\test_adaptive_reasoning.py:15: in <module>\n    from adaptive_reasoning import (\nE   ModuleNotFoundError: No module named 'adaptive_reasoning'\n__________ ERROR collecting tests/unit/reasoning/test_audit_trail.py __________\nImportError while importing test module 'C:\\Users\\JAMES\\bedrock-agentcore-starter-toolkit\\tests\\unit\\reasoning\\test_audit_trail.py'.\nHint: make sure your test modules/packages have valid Python names.\nTraceback:\nC:\\Python313\\Lib\\importlib\\__init__.py:88: in import_module\n    return _bootstrap._gcd_import(name[level:], package, level)\n           ^^^^^^^^^^^^^^^^^^^^^^^^^^^^^^^^^^^^^^^^^^^^^^^^^^^^\ntests\\unit\\reasoning\\test_audit_trail.py:13: in <module>\n    from audit_trail import (\nE   ModuleNotFoundError: No module named 'audit_trail'\n_ ERROR collecting tests/unit/reasoning/test_decision_explanation_interface.py _\nImportError while importing test module 'C:\\Users\\JAMES\\bedrock-agentcore-starter-toolkit\\tests\\unit\\reasoning\\test_decision_explanation_interface.py'.\nHint: make sure your test modules/packages have valid Python names.\nTraceback:\nC:\\Python313\\Lib\\importlib\\__init__.py:88: in import_module\n    return _bootstrap._gcd_import(name[level:], package, level)\n           ^^^^^^^^^^^^^^^^^^^^^^^^^^^^^^^^^^^^^^^^^^^^^^^^^^^^\ntests\\unit\\reasoning\\test_decision_explanation_interface.py:11: in <module>\n    from decision_explanation_interface import (\nE   ModuleNotFoundError: No module named 'decision_explanation_interface'\n______ ERROR collecting tests/unit/reasoning/test_explanation_system.py _______\nImportError while importing test module 'C:\\Users\\JAMES\\bedrock-agentcore-starter-toolkit\\tests\\unit\\reasoning\\test_explanation_system.py'.\nHint: make sure your test modules/packages have valid Python names.\nTraceback:\nC:\\Python313\\Lib\\importlib\\__init__.py:88: in import_module\n    return _bootstrap._gcd_import(name[level:], package, level)\n           ^^^^^^^^^^^^^^^^^^^^^^^^^^^^^^^^^^^^^^^^^^^^^^^^^^^^\ntests\\unit\\reasoning\\test_explanation_system.py:16: in <module>\n    from explanation_generator import (\nE   ModuleNotFoundError: No module named 'explanation_generator'\n___________ ERROR collecting tests/unit/reasoning/test_reasoning.py ___________\nImportError while importing test module 'C:\\Users\\JAMES\\bedrock-agentcore-starter-toolkit\\tests\\unit\\reasoning\\test_reasoning.py'.\nHint: make sure your test modules/packages have valid Python names.\nTraceback:\nC:\\Python313\\Lib\\importlib\\__init__.py:88: in import_module\n    return _bootstrap._gcd_import(name[level:], package, level)\n           ^^^^^^^^^^^^^^^^^^^^^^^^^^^^^^^^^^^^^^^^^^^^^^^^^^^^\ntests\\unit\\reasoning\\test_reasoning.py:17: in <module>\n    from chain_of_thought import (\nE   ModuleNotFoundError: No module named 'chain_of_thought'\n============================== warnings summary ===============================\ntests\\test_load_performance.py:92\n  C:\\Users\\JAMES\\bedrock-agentcore-starter-toolkit\\tests\\test_load_performance.py:92: PytestUnknownMarkWarning: Unknown pytest.mark.slow - is this a typo?  You can register custom marks to avoid this warning - for details, see https://docs.pytest.org/en/stable/how-to/mark.html\n    @pytest.mark.slow\n\ntests\\test_load_performance.py:144\n  C:\\Users\\JAMES\\bedrock-agentcore-starter-toolkit\\tests\\test_load_performance.py:144: PytestUnknownMarkWarning: Unknown pytest.mark.slow - is this a typo?  You can register custom marks to avoid this warning - for details, see https://docs.pytest.org/en/stable/how-to/mark.html\n    @pytest.mark.slow\n\n-- Docs: https://docs.pytest.org/en/stable/how-to/capture-warnings.html\n=========================== short test summary info ===========================\nERROR tests/integration/test_fraud_detection.py\nERROR tests/integration/test_multicurrency.py\nERROR tests/integration/test_with_files.py\nERROR tests/test_ai_agent_validation.py\nERROR tests/test_integration.py\nERROR tests/unit/memory/test_memory_manager.py\nERROR tests/unit/reasoning/test_adaptive_reasoning.py\nERROR tests/unit/reasoning/test_audit_trail.py\nERROR tests/unit/reasoning/test_decision_explanation_interface.py\nERROR tests/unit/reasoning/test_explanation_system.py\nERROR tests/unit/reasoning/test_reasoning.py\n!!!!!!!!!!!!!!!!!! Interrupted: 11 errors during collection !!!!!!!!!!!!!!!!!!!\n806 tests collected, 11 errors in 49.41s\n",
      "stderr": "",
      "description": "Test Discovery - All tests discoverable"
    }
  ],
  "summary": {
    "total": 4,
    "passed": 0,
    "failed": 4
  },
  "manual_checks": [
    {
      "check": "Key files exist",
      "passed": true,
      "details": "All key files present"
    },
    {
      "check": "Key directories exist",
      "passed": true,
      "details": "All key directories present"
    },
    {
      "check": "Package installation",
      "passed": true,
      "details": "fraud_detection package is importable"
    }
  ],
  "overall_success": false,
  "completed": "2025-10-22T13:47:07.214024"
}